<?xml version="1.0" encoding="UTF-8"?>
<testsuite xmlns:xsi="http://www.w3.org/2001/XMLSchema-instance" xsi:noNamespaceSchemaLocation="https://maven.apache.org/surefire/maven-surefire-plugin/xsd/surefire-test-report-3.0.xsd" version="3.0" name="test.java.com.example.SignatureTest" time="1.217" tests="100" errors="0" skipped="0" failures="0">
  <properties>
[...]
</properties>
  <testcase name="testSignerEtVerifier" classname="test.java.com.example.SignatureTest" time="0.021">
    <system-out><![CDATA[Empreinte du message : 84633312863922471376330037953267285772071217785657846530145723160960499289727
Signature générée : 76524700065939011954329995354546812920205628433143742837840713623090024331248553940986770629024024520131620493735035262025770818158308012300352216057251879610237461468700849635473950019493288490744584599818981913509654657747519052558181931336502583631165929078266018991092934382333022501499355640147645796662
Signature valide : true
]]></system-out>
  </testcase>
  <testcase name="testSignerEtVerifier" classname="test.java.com.example.SignatureTest" time="0.015">
    <system-out><![CDATA[Empreinte du message : 84633312863922471376330037953267285772071217785657846530145723160960499289727
Signature générée : 89186234238180448891621149897635351173042329293461675495078502425863895452709603168772812354594378144769822265013434107981629220405272225091814452841869535376568792648873581854305801891665543864081360129485269560786081682820792986256204562571440516392516613387825194894112895944854612354037795660450138600428
Signature valide : true
]]></system-out>
  </testcase>
  <testcase name="testSignerEtVerifier" classname="test.java.com.example.SignatureTest" time="0.014">
    <system-out><![CDATA[Empreinte du message : 84633312863922471376330037953267285772071217785657846530145723160960499289727
Signature générée : 65284027677414742135634240594240864070522131102837618261747483989752459112815680937539533380425899908595017802152609411537497978861697780408517800803247350138274111052391305853669545378661586564768825312871451849728497921293567805316255694459032767292641475154447655229938978639250700426110900177824543915838
Signature valide : true
]]></system-out>
  </testcase>
  <testcase name="testSignerEtVerifier" classname="test.java.com.example.SignatureTest" time="0.015">
    <system-out><![CDATA[Empreinte du message : 84633312863922471376330037953267285772071217785657846530145723160960499289727
Signature générée : 28427715614708924155084490292007048868918726662650381888409816721509867895103431348192260711072828367689222619274592737476018293982454799127253538221880044235101603807589093730294645207698346101163246436710781399997355151689959456771741302373034051242801098900205945543805433133647572374903642889140118645676
Signature valide : true
]]></system-out>
  </testcase>
  <testcase name="testSignerEtVerifier" classname="test.java.com.example.SignatureTest" time="0.01">
    <system-out><![CDATA[Empreinte du message : 84633312863922471376330037953267285772071217785657846530145723160960499289727
Signature générée : 56993385847998792575291199201501662138419859727317470563026522934384363822793011542097687664164480105899126298226834976713668074472051489547882386105508151648535011348259343175420174139538082481360011796624467957859429011773953556735811075452791128380562721180195147279756269163339048584033814248109798139069
Signature valide : true
]]></system-out>
  </testcase>
  <testcase name="testSignerEtVerifier" classname="test.java.com.example.SignatureTest" time="0.018">
    <system-out><![CDATA[Empreinte du message : 84633312863922471376330037953267285772071217785657846530145723160960499289727
Signature générée : 40887654917122198986345897443478975841441989977847444223091436766907379724866697833606701909741981235327719959163041123097830526999519435668333468747890655372342042381318786943605547349259794700385833881494377654918982932633880162406857388152648325612075463107277062221810025739172362535124056303651423031325
Signature valide : true
]]></system-out>
  </testcase>
  <testcase name="testSignerEtVerifier" classname="test.java.com.example.SignatureTest" time="0.015">
    <system-out><![CDATA[Empreinte du message : 84633312863922471376330037953267285772071217785657846530145723160960499289727
Signature générée : 50072249950479777307753904171930399937517928641083236345017666169290654083510022412704299424845946494847718772207632387552635866258082993529899701940365757804168043535294974296138850785651568750587844606063982426347453346919421117333524096128458273775872735457203964912358623689282919507866334911614592567208
Signature valide : true
]]></system-out>
  </testcase>
  <testcase name="testSignerEtVerifier" classname="test.java.com.example.SignatureTest" time="0.013">
    <system-out><![CDATA[Empreinte du message : 84633312863922471376330037953267285772071217785657846530145723160960499289727
Signature générée : 60548847938162159264120981293600793036887209306944505079890520894116107503369664809269861031505511048396129965628415425170682448185601046316617697805170745250883877762671049059281468792103692314808961687114384866516925993636649087396750740481105137091716326748673906183095011144086593148305466920388699442897
Signature valide : true
]]></system-out>
  </testcase>
  <testcase name="testSignerEtVerifier" classname="test.java.com.example.SignatureTest" time="0.016">
    <system-out><![CDATA[Empreinte du message : 84633312863922471376330037953267285772071217785657846530145723160960499289727
Signature générée : 73974135426405048913737799783060436995371742652129357122625134446710279064679717772826203298298196050621552330659755155508361336233860608680507756216008529483585079167189749523431059246583608792804061769337667745505077344701409005198385071712092151946086830980136095237727364669370188977546300389389381468062
Signature valide : true
]]></system-out>
  </testcase>
  <testcase name="testSignerEtVerifier" classname="test.java.com.example.SignatureTest" time="0.014">
    <system-out><![CDATA[Empreinte du message : 84633312863922471376330037953267285772071217785657846530145723160960499289727
Signature générée : 66933967788184827614500795292776239160926708251405162389026542383249588633632094419736913352631891217201209634612999508816394373845398645711750801955242908273556288049879725697812758171103900518704811838409035669276853745856466483551735142002302094565899026478503171818482502254694405267544169962390059668608
Signature valide : true
]]></system-out>
  </testcase>
  <testcase name="testSignerEtVerifier" classname="test.java.com.example.SignatureTest" time="0.014">
    <system-out><![CDATA[Empreinte du message : 84633312863922471376330037953267285772071217785657846530145723160960499289727
Signature générée : 68585384489165800462709514849640646017242700273684364616071405468711623525861197870196435024805529400851857695119066291648390428393680620556342415430175282050998567437245530586294240416457157359729612164644810538842919484619475849287908038693885880399095623952557366498071234568930806588388402605182937591496
Signature valide : true
]]></system-out>
  </testcase>
  <testcase name="testSignerEtVerifier" classname="test.java.com.example.SignatureTest" time="0.013">
    <system-out><![CDATA[Empreinte du message : 84633312863922471376330037953267285772071217785657846530145723160960499289727
Signature générée : 81272760933527889985302063855040733837480364459412212043905016953374708857411584909287529235762710583984953181634791812987898129692854945812841534295634193577792524571077267594758922596175259567543429077981994771034980580485060987036621153385362692202293214622491061326035478620619745480351400196090888297784
Signature valide : true
]]></system-out>
  </testcase>
  <testcase name="testSignerEtVerifier" classname="test.java.com.example.SignatureTest" time="0.014">
    <system-out><![CDATA[Empreinte du message : 84633312863922471376330037953267285772071217785657846530145723160960499289727
Signature générée : 39664499590234782040403172455083722901246036393836353648029583151473202364732806740116625389756329514433429270057042409193882536269361344037381454146416467078084711682994637352050911339921177324589332807935779722262118598052629343528215030757386440242843048380327125264990777520412122246413177974807999471192
Signature valide : true
]]></system-out>
  </testcase>
  <testcase name="testSignerEtVerifier" classname="test.java.com.example.SignatureTest" time="0.014">
    <system-out><![CDATA[Empreinte du message : 84633312863922471376330037953267285772071217785657846530145723160960499289727
Signature générée : 138112401021796877021199371163579212204024108840739224605511991040566397100864353181308886619777476081999590555063700578950599741495358482996851763946742343990978723514195895424079500715337808566323025739976139331792818038510530489829781234055867940993156461866063363635734541318142928044452236372472161184096
Signature valide : true
]]></system-out>
  </testcase>
  <testcase name="testSignerEtVerifier" classname="test.java.com.example.SignatureTest" time="0.022">
    <system-out><![CDATA[Empreinte du message : 84633312863922471376330037953267285772071217785657846530145723160960499289727
Signature générée : 121365976998840562094005020085827756734861559884430925724486236154326378829796862256078381413869489293270578029498106298853758369264032180595931010988853771926254412300203869452038455872341364205097577935006254264286848519830290452148209490810192238270208713325390752751177049490434259791571721130649990154676
Signature valide : true
]]></system-out>
  </testcase>
  <testcase name="testSignerEtVerifier" classname="test.java.com.example.SignatureTest" time="0.015">
    <system-out><![CDATA[Empreinte du message : 84633312863922471376330037953267285772071217785657846530145723160960499289727
Signature générée : 3170320686236718264271475261356203443891803589578694739981912466682062601966535016326021795648478744224877319006287268735098702061201148468947567952874650142753393116009060177626480981041951578431205909423135686825847335319766979090905390915412977401258746277060235479288986104400325257712365461167647959820
Signature valide : true
]]></system-out>
  </testcase>
  <testcase name="testSignerEtVerifier" classname="test.java.com.example.SignatureTest" time="0.013">
    <system-out><![CDATA[Empreinte du message : 84633312863922471376330037953267285772071217785657846530145723160960499289727
Signature générée : 43777981758548657409027737761199813803140524754539039803155666523963626037319570990777362653322467220806289777466988809882172875989084171956178477540818917198357318683767042271826007624764982329300239510368974642026113197938409813372529815202665961293832119580813461115145968081599151451736452804316519750177
Signature valide : true
]]></system-out>
  </testcase>
  <testcase name="testSignerEtVerifier" classname="test.java.com.example.SignatureTest" time="0.011">
    <system-out><![CDATA[Empreinte du message : 84633312863922471376330037953267285772071217785657846530145723160960499289727
Signature générée : 47455280702976154767252457405961132818947749650889133192900671903837266837626588824137571518801752452409992312894878323174147691890581775534695244882342293812150013916452302685467179331258650545347757265342431580255573928913356451806109115199534092536328201957653420651327496797991875350700545530399400440403
Signature valide : true
]]></system-out>
  </testcase>
  <testcase name="testSignerEtVerifier" classname="test.java.com.example.SignatureTest" time="0.012">
    <system-out><![CDATA[Empreinte du message : 84633312863922471376330037953267285772071217785657846530145723160960499289727
Signature générée : 54146032955403121314266613172826190598101287274006955728666056009363402375622483305051738220564471340058395401804333820808808422894555099077951987414944072179052486858229228948425616503697272222811892282620871519724905152240325398966709462380505865120444954852577008448426947886821994391637761342074894495177
Signature valide : true
]]></system-out>
  </testcase>
  <testcase name="testSignerEtVerifier" classname="test.java.com.example.SignatureTest" time="0.013">
    <system-out><![CDATA[Empreinte du message : 84633312863922471376330037953267285772071217785657846530145723160960499289727
Signature générée : 34062850890044874558239018793232232122194148733280010662575886004656466105489080709787066117757747978666064833694617611764789034883688893294500202396992579028081570672709595373377049918911926714344152329760521346358958848050891617824495243424519608466673403984640204941644462658052902888425522090918341175939
Signature valide : true
]]></system-out>
  </testcase>
  <testcase name="testSignerEtVerifier" classname="test.java.com.example.SignatureTest" time="0.012">
    <system-out><![CDATA[Empreinte du message : 84633312863922471376330037953267285772071217785657846530145723160960499289727
Signature générée : 113374368898286009600959151095766812605612798848474016034139383194136338479339179664814986674342518736609067983909705071983091749033793861284170762062936343628979662110580338048427856459097111363846811116988943793295960567312003091036688122187806384531016067241938094381561168547669901509539629133247463050052
Signature valide : true
]]></system-out>
  </testcase>
  <testcase name="testSignerEtVerifier" classname="test.java.com.example.SignatureTest" time="0.01">
    <system-out><![CDATA[Empreinte du message : 84633312863922471376330037953267285772071217785657846530145723160960499289727
Signature générée : 26831627042060872626310130456264533180653029165414777488239754926175838799607517073589038091548946425051715041966172420698858891168141113562297650354829566908427686543024378260883547602922180154754778663680090833524201162890686036914189124113663323583257716785748796389863595508122119974980693116695654237420
Signature valide : true
]]></system-out>
  </testcase>
  <testcase name="testSignerEtVerifier" classname="test.java.com.example.SignatureTest" time="0.013">
    <system-out><![CDATA[Empreinte du message : 84633312863922471376330037953267285772071217785657846530145723160960499289727
Signature générée : 47958580743543612283450833497960262266238970559743169416471352039894600816160129870150618375772123903323121611514619085334966721394717800484124689721599163314937555555290461529362226947290160956335073846584157797810828481433100505018386890317927192722605000701111226423394132189432467765263689473614111793968
Signature valide : true
]]></system-out>
  </testcase>
  <testcase name="testSignerEtVerifier" classname="test.java.com.example.SignatureTest" time="0.016">
    <system-out><![CDATA[Empreinte du message : 84633312863922471376330037953267285772071217785657846530145723160960499289727
Signature générée : 36486315262472795492274939856180044311109418617658901724641822271401894143363566657224367213251077473157396930068410630671114057295188676475463484836117333195697793678690761110926011922517807188323034289896096415789690132352319039554936358836339188159610241141504497844776755764316439320036892778211009484668
Signature valide : true
]]></system-out>
  </testcase>
  <testcase name="testSignerEtVerifier" classname="test.java.com.example.SignatureTest" time="0.012">
    <system-out><![CDATA[Empreinte du message : 84633312863922471376330037953267285772071217785657846530145723160960499289727
Signature générée : 65075717451407189927214632114923329914472585211139314603250199093378401876289385382641261522829617586630944840843137282657560526855983568569029006656966931217218635230212100465463768006719416289647369052737755525236912905340328927719821314934524720616784366208992948275144727687519012749783993108935488594118
Signature valide : true
]]></system-out>
  </testcase>
  <testcase name="testSignerEtVerifier" classname="test.java.com.example.SignatureTest" time="0.012">
    <system-out><![CDATA[Empreinte du message : 84633312863922471376330037953267285772071217785657846530145723160960499289727
Signature générée : 632194700421832823119442638466376590683104695304455664476981371564319668989917698277554354202066363025584296715604401349282267293868518011474338841556451551479601200202049900676922705800576268103412227121032736644203498372992221380511816433932914178621544721954693750869116694753660367130216627186404712793
Signature valide : true
]]></system-out>
  </testcase>
  <testcase name="testSignerEtVerifier" classname="test.java.com.example.SignatureTest" time="0.012">
    <system-out><![CDATA[Empreinte du message : 84633312863922471376330037953267285772071217785657846530145723160960499289727
Signature générée : 64030297996021567514859930158404093005393920757769171536273374380342601281781725047803360660021039835780649302360593357006694152039440758549336439710796616154869406132816134810921202829715953963166463865107819139327390258998425063631364013317251826239368722908987398920723950906278781354120296981778217124549
Signature valide : true
]]></system-out>
  </testcase>
  <testcase name="testSignerEtVerifier" classname="test.java.com.example.SignatureTest" time="0.012">
    <system-out><![CDATA[Empreinte du message : 84633312863922471376330037953267285772071217785657846530145723160960499289727
Signature générée : 11070181932337429771553135829081238820817400450859470579657547744061307197725534926010667455017773951505778564122086164184825820908270159361892397263068518556565271453016009060960951115205370448180824802078625569786924501465518818957311664062185496377629457245490480586208935189666910281177352423057647771462
Signature valide : true
]]></system-out>
  </testcase>
  <testcase name="testSignerEtVerifier" classname="test.java.com.example.SignatureTest" time="0.011">
    <system-out><![CDATA[Empreinte du message : 84633312863922471376330037953267285772071217785657846530145723160960499289727
Signature générée : 27134700143845253351278837934036683383649799331182775905163625558193891065414685255478378881876145587361110287431212362302280412405951209702468652132777664058891209479458904616004343591017101627215893883893166713938188354848202449198871596954874400033017640275764133641092352776568704893812936847474694961630
Signature valide : true
]]></system-out>
  </testcase>
  <testcase name="testSignerEtVerifier" classname="test.java.com.example.SignatureTest" time="0.014">
    <system-out><![CDATA[Empreinte du message : 84633312863922471376330037953267285772071217785657846530145723160960499289727
Signature générée : 17590005343048776943705745643501423633276099949046595249480142416975815718065092311460601355850861527511323895793938525472518019593020864767813790355055394165110090627564555838958827705354593390823593791977491448297834815947959690256457899975919075912295592183497907611948682953258329154076826276163707878384
Signature valide : true
]]></system-out>
  </testcase>
  <testcase name="testSignerEtVerifier" classname="test.java.com.example.SignatureTest" time="0.014">
    <system-out><![CDATA[Empreinte du message : 84633312863922471376330037953267285772071217785657846530145723160960499289727
Signature générée : 95539206911275278362527679994918784963811049675721686236415309941826052085754222157261164053547390418495517579115429430147981506331537185552746673268360259956375131445786808409431493683832719378931845481741557942830875694316551119200686018707505543394592820953089561804431630466930701857608370964727763134588
Signature valide : true
]]></system-out>
  </testcase>
  <testcase name="testSignerEtVerifier" classname="test.java.com.example.SignatureTest" time="0.012">
    <system-out><![CDATA[Empreinte du message : 84633312863922471376330037953267285772071217785657846530145723160960499289727
Signature générée : 97913886901507029824041706423459093450543312182586989487670463607935397043595315643659974787770397640006567964940611188342724646017598191883988159866969159779654426146592949689928163699799609256268490770902482287952301357777608646807016611472783877328231770995096975490413085175600875881901609368277748370543
Signature valide : true
]]></system-out>
  </testcase>
  <testcase name="testSignerEtVerifier" classname="test.java.com.example.SignatureTest" time="0.011">
    <system-out><![CDATA[Empreinte du message : 84633312863922471376330037953267285772071217785657846530145723160960499289727
Signature générée : 19646558234555957042849995005561609501899109490048260213586722954082282072033287727726369914907765560808872891796353383696641841775278469969258208470372911140569423429584883920025256000528613178619245664173664181082446522872146528693188024596717047610346425963379894476105794514922446708771043423584764238591
Signature valide : true
]]></system-out>
  </testcase>
  <testcase name="testSignerEtVerifier" classname="test.java.com.example.SignatureTest" time="0.011">
    <system-out><![CDATA[Empreinte du message : 84633312863922471376330037953267285772071217785657846530145723160960499289727
Signature générée : 60322554977939173218113421778450728565003617459583396327250522758592684484008146438164406895763439546041149933827993206305829715713491353189167750800414576168561924811192723520256451369234433538316221410255538744658590831599940972510034014586963244335575871074132477307536532314729918249724452422243926829517
Signature valide : true
]]></system-out>
  </testcase>
  <testcase name="testSignerEtVerifier" classname="test.java.com.example.SignatureTest" time="0.013">
    <system-out><![CDATA[Empreinte du message : 84633312863922471376330037953267285772071217785657846530145723160960499289727
Signature générée : 91522553971483946624499937094389716343037295832211351747782520836945110514190369439445551890436942489010851494621500188560322677910510471678418459877917678918349043360297038166008887953715908219530340638321905782101081070283775277028130049947926873479306145333043445232950005647654956874143507861760638113368
Signature valide : true
]]></system-out>
  </testcase>
  <testcase name="testSignerEtVerifier" classname="test.java.com.example.SignatureTest" time="0.012">
    <system-out><![CDATA[Empreinte du message : 84633312863922471376330037953267285772071217785657846530145723160960499289727
Signature générée : 32937528448026004155420815658416456640704884769237276511867778846512354089680012376160945063864746130321944756895992653400370679741349046362751436523336487533961637418083185497601408771080710586770002880056749987708042907544973458095573786444520693176185969339543891395797954323186198045429055758074058237750
Signature valide : true
]]></system-out>
  </testcase>
  <testcase name="testSignerEtVerifier" classname="test.java.com.example.SignatureTest" time="0.009">
    <system-out><![CDATA[Empreinte du message : 84633312863922471376330037953267285772071217785657846530145723160960499289727
Signature générée : 26605332546302096064246264208924812743415507610214678120515297804794332771323401494832572418971521002928102889617711953276513422490432783292510486700060111746079567079857452627763380010811963459184882207281260211901436981942678707268570524003446277285461482465623923002959497424692236982268571715782551251935
Signature valide : true
]]></system-out>
  </testcase>
  <testcase name="testSignerEtVerifier" classname="test.java.com.example.SignatureTest" time="0.011">
    <system-out><![CDATA[Empreinte du message : 84633312863922471376330037953267285772071217785657846530145723160960499289727
Signature générée : 82143966058532496280632227661681589441490908792829257917246670757901347327076034887760492440971026982252203740682193708696623292223373890676852563061909627386487706232186612561536424624919544062150628719093555229748176995318806114018550642872201950358196367726402257747238072616759575301233353159008101185082
Signature valide : true
]]></system-out>
  </testcase>
  <testcase name="testSignerEtVerifier" classname="test.java.com.example.SignatureTest" time="0.01">
    <system-out><![CDATA[Empreinte du message : 84633312863922471376330037953267285772071217785657846530145723160960499289727
Signature générée : 58985761633756962989987956388490129251592291848286988310329444569917678512010700713777796675303401193365546025763909579260566626402299472751090432602954684271973134499386042366934322445428484028873652193125488628824787696025196805674597409976153113575598095109248458648080084588267069358495262200020634958184
Signature valide : true
]]></system-out>
  </testcase>
  <testcase name="testSignerEtVerifier" classname="test.java.com.example.SignatureTest" time="0.009">
    <system-out><![CDATA[Empreinte du message : 84633312863922471376330037953267285772071217785657846530145723160960499289727
Signature générée : 25175491783442720183304697469203202739935305737108117234817129062845433472389074504526923686322359867393692149331809022019172481504835253185498029658040301784897880773121654028302426015867444878086651428677297549467942733465938116630504018775314725587059694420272503728526084405315988077103946440286825157648
Signature valide : true
]]></system-out>
  </testcase>
  <testcase name="testSignerEtVerifier" classname="test.java.com.example.SignatureTest" time="0.009">
    <system-out><![CDATA[Empreinte du message : 84633312863922471376330037953267285772071217785657846530145723160960499289727
Signature générée : 13933287188683052075485544945062379556023362791124684832960934594903564332249324156844331060580296607452828835518586438307588485139159774217890491350863412625024014648118205784765049071390207211439335873178629498779299865924518265705198753467254447508703614202095312732438120240481048900485003801997667560504
Signature valide : true
]]></system-out>
  </testcase>
  <testcase name="testSignerEtVerifier" classname="test.java.com.example.SignatureTest" time="0.01">
    <system-out><![CDATA[Empreinte du message : 84633312863922471376330037953267285772071217785657846530145723160960499289727
Signature générée : 70027779015281218157939937008987772019375454857954672867028038007591418852959350223083964013045626407126828221243511298226968262197304608870077713852964867812250667595574294132848754491311716380991147623878839915556822856909820372965179174044526379840240642622743672870345123624448111415220610265319598751992
Signature valide : true
]]></system-out>
  </testcase>
  <testcase name="testSignerEtVerifier" classname="test.java.com.example.SignatureTest" time="0.011">
    <system-out><![CDATA[Empreinte du message : 84633312863922471376330037953267285772071217785657846530145723160960499289727
Signature générée : 91656400338896832905802550245440505945660356277804091697405185977182937483104147056694894055903352661493038549653482121763255279214921216053785685509413589582500357249700000614411799027695250898958873605109080326259790261823959637460848116396379544608241330070427060028556828196405153386979827401710455146216
Signature valide : true
]]></system-out>
  </testcase>
  <testcase name="testSignerEtVerifier" classname="test.java.com.example.SignatureTest" time="0.012">
    <system-out><![CDATA[Empreinte du message : 84633312863922471376330037953267285772071217785657846530145723160960499289727
Signature générée : 14961238913094735641496869938435351198390710134297146603422236724774365706629679131517796675168767855017787729603825326784021300811819136385166971821680701794657700373900174516280518049941114282903811913129192228123985006693865965118645387527800085777282382590127675551533517735082698443777407055842293387925
Signature valide : true
]]></system-out>
  </testcase>
  <testcase name="testSignerEtVerifier" classname="test.java.com.example.SignatureTest" time="0.011">
    <system-out><![CDATA[Empreinte du message : 84633312863922471376330037953267285772071217785657846530145723160960499289727
Signature générée : 31837039376099038022261437851030315895712079918374586585993139007933933584242763508498356961669640809987038859804139371233397287484643921243291764163169261228405444964468136811002351387858436872536944972178738474780799188211747841214218805398623566723870525344880111149399324765303824151348474334695704144014
Signature valide : true
]]></system-out>
  </testcase>
  <testcase name="testSignerEtVerifier" classname="test.java.com.example.SignatureTest" time="0.013">
    <system-out><![CDATA[Empreinte du message : 84633312863922471376330037953267285772071217785657846530145723160960499289727
Signature générée : 53114679886224812764918092190869700224062978668590231841182308892156912456896196635674300921000805420581683684690211036274667787104883299853736972683610786291367302329003286057827908351585796594688134848109568059635401180465182106505049530749207929821594450119928074590432663345750619914981549960428491908673
Signature valide : true
]]></system-out>
  </testcase>
  <testcase name="testSignerEtVerifier" classname="test.java.com.example.SignatureTest" time="0.01">
    <system-out><![CDATA[Empreinte du message : 84633312863922471376330037953267285772071217785657846530145723160960499289727
Signature générée : 74905485526194577876642730002893355573115242057512280027909890478999348309199668964405271342367721261165474632201987254087719618879376050701601075245687886648845535759235302877129769176288032679761687924501984417705936461262581359541927077183108574324934171822533725582515975877109144948906722392138856287549
Signature valide : true
]]></system-out>
  </testcase>
  <testcase name="testSignerEtVerifier" classname="test.java.com.example.SignatureTest" time="0.016">
    <system-out><![CDATA[Empreinte du message : 84633312863922471376330037953267285772071217785657846530145723160960499289727
Signature générée : 11767632988901872549905457261535715380557854817437616923895960185132690102283072499111922621654202366351331139893015278426079635286947447850233099342311784740304687688402677073187192696593338246956731689937909722151626126866042260690636764239525022591304170336866983178215265782489474898087742223543900505707
Signature valide : true
]]></system-out>
  </testcase>
  <testcase name="testSignerEtVerifier" classname="test.java.com.example.SignatureTest" time="0.01">
    <system-out><![CDATA[Empreinte du message : 84633312863922471376330037953267285772071217785657846530145723160960499289727
Signature générée : 95377685681842311378444878691791598878319846754900657704962068953717286143476596586066585864591533309889167456490684546231423750704768264391305389718134368198889063950424553664897650667447165911219758264207065563704255183242869213661216382462921008801063811790144781545436613195583252535928811969656768221055
Signature valide : true
]]></system-out>
  </testcase>
  <testcase name="testSignerEtVerifier" classname="test.java.com.example.SignatureTest" time="0.011">
    <system-out><![CDATA[Empreinte du message : 84633312863922471376330037953267285772071217785657846530145723160960499289727
Signature générée : 2902269224986692310490008475672522129285062054333420564684063044555046980039384627847772990834069746369848577885393024489304631312184469108969866330508707576813369908649585936234898454432017124432377936363088314406309744118777842882335496703024348375764370357919366798484001437891540540003047763728468245072
Signature valide : true
]]></system-out>
  </testcase>
  <testcase name="testSignerEtVerifier" classname="test.java.com.example.SignatureTest" time="0.01">
    <system-out><![CDATA[Empreinte du message : 84633312863922471376330037953267285772071217785657846530145723160960499289727
Signature générée : 44198933555799243923924233600688392528741576173268319731766967577583722114486221669974887725569571930093299253432933652054896120420907725283929888431179685551277097147768194104234667649019086153905801642837215767566653356925806327180969226052962003049525524027647721462513573789896928282271826658841274612461
Signature valide : true
]]></system-out>
  </testcase>
  <testcase name="testSignerEtVerifier" classname="test.java.com.example.SignatureTest" time="0.013">
    <system-out><![CDATA[Empreinte du message : 84633312863922471376330037953267285772071217785657846530145723160960499289727
Signature générée : 31337483016242665916817298445028357769580863902472090565588471293582815847376143056033570198920207377754933575365672574858422852540527309612178842593019677070936337293111341972920151155337714583092839598485577976289857066114195920231747145738199071175902480512203696931604487024503083239991744007575559788091
Signature valide : true
]]></system-out>
  </testcase>
  <testcase name="testSignerEtVerifier" classname="test.java.com.example.SignatureTest" time="0.009">
    <system-out><![CDATA[Empreinte du message : 84633312863922471376330037953267285772071217785657846530145723160960499289727
Signature générée : 81346521660988065118848948814709147906093255177319184738539823967113200767592576112622591017149668992068483215790238600881798287897996483302487149135773671534000362617715020495982632671998954169239392312391540495230787578117192877262941014154716552797315962853272508748527839741229435720249062440982623725330
Signature valide : true
]]></system-out>
  </testcase>
  <testcase name="testSignerEtVerifier" classname="test.java.com.example.SignatureTest" time="0.009">
    <system-out><![CDATA[Empreinte du message : 84633312863922471376330037953267285772071217785657846530145723160960499289727
Signature générée : 7259815671499590728104143928810311882890618124005754198750025165804396868997565081231657922415953294691127772868966880644131539773788082189223463788284984727354319968193864994832500829854288896452669135863386395423487734725125276951238492017194028959737311525448225167853749597508583071431931335424103929890
Signature valide : true
]]></system-out>
  </testcase>
  <testcase name="testSignerEtVerifier" classname="test.java.com.example.SignatureTest" time="0.009">
    <system-out><![CDATA[Empreinte du message : 84633312863922471376330037953267285772071217785657846530145723160960499289727
Signature générée : 15048527265962601908694842417527275781928576362759338100359660055852847739018197208379788589664997720708635089735569867753133677513156823678569730831221416741752469266891130776763379693609122197765460808472346561895223387522039624578218801133222968050114733439735601283246015528736422054176601596627762292194
Signature valide : true
]]></system-out>
  </testcase>
  <testcase name="testSignerEtVerifier" classname="test.java.com.example.SignatureTest" time="0.009">
    <system-out><![CDATA[Empreinte du message : 84633312863922471376330037953267285772071217785657846530145723160960499289727
Signature générée : 107896999335174477537583573637216492036034648360946615647919690541152996836740052965552977653485216601203569435078228791906667313028154913585725764894807489099044094628604066067296340603760230910201365153671725225429758391509446645197526231578992486454447854130802932613754337949212565156595591597225264336473
Signature valide : true
]]></system-out>
  </testcase>
  <testcase name="testSignerEtVerifier" classname="test.java.com.example.SignatureTest" time="0.01">
    <system-out><![CDATA[Empreinte du message : 84633312863922471376330037953267285772071217785657846530145723160960499289727
Signature générée : 53442424933224575087795717299193039618924114732054970944904492763742805630377784745543432110688827322377848801081192410777645096069651832678383616557458472170566062622358148469914057365661603595526003597317879023705225637655945767670348503270889397236211188953906057354515783741021978234235886091711687407652
Signature valide : true
]]></system-out>
  </testcase>
  <testcase name="testSignerEtVerifier" classname="test.java.com.example.SignatureTest" time="0.011">
    <system-out><![CDATA[Empreinte du message : 84633312863922471376330037953267285772071217785657846530145723160960499289727
Signature générée : 39768359910950290752114960473170696029644697130470052779769585185918141320761460777017994011963730564921861791792837976684160401732674788390548729019475749100043340311097405376544252417906296767496360939053236570370035727259824019891138796494870873132415141147262861359036848733055694867372176406886775134969
Signature valide : true
]]></system-out>
  </testcase>
  <testcase name="testSignerEtVerifier" classname="test.java.com.example.SignatureTest" time="0.01">
    <system-out><![CDATA[Empreinte du message : 84633312863922471376330037953267285772071217785657846530145723160960499289727
Signature générée : 25810202993746262828323957210524724494000033309656769378504425242842584333134807812813468858433687340398180494470176671760999851158615751558942955448039509048235719544164093343688753087414920004759768472874883472474246717213218745738240996563290977016597712299417508434006416119120353861191386394686158384003
Signature valide : true
]]></system-out>
  </testcase>
  <testcase name="testSignerEtVerifier" classname="test.java.com.example.SignatureTest" time="0.009">
    <system-out><![CDATA[Empreinte du message : 84633312863922471376330037953267285772071217785657846530145723160960499289727
Signature générée : 26134582339409670943077038237993093998392307842435670920114907558456456953747063148778896182121316390932096000544992825142158233283646798011112770332008029443480702967441588345898267683606892829916299238146994744356410666494159116677766908097100211652724523117091154401491969137005523869400430760160115834831
Signature valide : true
]]></system-out>
  </testcase>
  <testcase name="testSignerEtVerifier" classname="test.java.com.example.SignatureTest" time="0.011">
    <system-out><![CDATA[Empreinte du message : 84633312863922471376330037953267285772071217785657846530145723160960499289727
Signature générée : 58660853403642462434259218316131724728555949259823433347644085849748601497505995621832020228949831173031604796719629877536780432003139760767365661481422757320043584786638239389946222342654799053635451366640299695642509183865029765564676890720195108965722285219404078888477090976148314871641299208693077124022
Signature valide : true
]]></system-out>
  </testcase>
  <testcase name="testSignerEtVerifier" classname="test.java.com.example.SignatureTest" time="0.01">
    <system-out><![CDATA[Empreinte du message : 84633312863922471376330037953267285772071217785657846530145723160960499289727
Signature générée : 95481041729437906449208588818688579621336626265338929373955915894265800525245876491602008815604613800056553015248426269552685718993166935094318697288971824822065328313077665385831010738550962196763992363547062413210852068497676487372864552668350834737237222467601765163900384527881551951407375562492480658365
Signature valide : true
]]></system-out>
  </testcase>
  <testcase name="testSignerEtVerifier" classname="test.java.com.example.SignatureTest" time="0.01">
    <system-out><![CDATA[Empreinte du message : 84633312863922471376330037953267285772071217785657846530145723160960499289727
Signature générée : 65598415939788115084553488773951147664124963175210047218305142413581596155612209887104080750916815420954898897308749359233818577128587551118178705590236085311582392062316687736232527162538969171184794762782092348355390415381412891550184976073629586195502601509416203002122763301322974884107500019518267396031
Signature valide : true
]]></system-out>
  </testcase>
  <testcase name="testSignerEtVerifier" classname="test.java.com.example.SignatureTest" time="0.01">
    <system-out><![CDATA[Empreinte du message : 84633312863922471376330037953267285772071217785657846530145723160960499289727
Signature générée : 91360395062701432219519127832012344732149130290566750603815058033006656855613119284944386684118818472778524926800705569541682409857886509676731565796741875647175408948245969245132602545675619476691026714386211709567204449696226512441689534789250072883173008985208710536110497993318210499914749325527645111629
Signature valide : true
]]></system-out>
  </testcase>
  <testcase name="testSignerEtVerifier" classname="test.java.com.example.SignatureTest" time="0.01">
    <system-out><![CDATA[Empreinte du message : 84633312863922471376330037953267285772071217785657846530145723160960499289727
Signature générée : 92948065355659107385655804914188184104301943315032213894070081900642884851126186023639501902209562169793219067697552506881751265558434804389654192097580085918746377615000447391897671170161493728876134607457227592697277328726698166731048405495632662809239306809196530090784721333477401430572860193707576117030
Signature valide : true
]]></system-out>
  </testcase>
  <testcase name="testSignerEtVerifier" classname="test.java.com.example.SignatureTest" time="0.011">
    <system-out><![CDATA[Empreinte du message : 84633312863922471376330037953267285772071217785657846530145723160960499289727
Signature générée : 41879092489968512511471334010900663998932122539180195173581685053813032102128729835843819674969321768457811990881168516933881481560186051997004044478401716510030170722346084660101276591395602726066024365553596856191574195739769993618686681920639538797740858625458051635441994907586808318197852588027484917648
Signature valide : true
]]></system-out>
  </testcase>
  <testcase name="testSignerEtVerifier" classname="test.java.com.example.SignatureTest" time="0.013">
    <system-out><![CDATA[Empreinte du message : 84633312863922471376330037953267285772071217785657846530145723160960499289727
Signature générée : 31456556584334881213275957890941642901273130749259192583011725740905096836606039696010202637706753585653456515322138105007546380873709518062655263892886080302905919029401836753581584413197673213666206584831700348103266591918608457879141270894119768940669465661796229814897267307811417147183658483343306769172
Signature valide : true
]]></system-out>
  </testcase>
  <testcase name="testSignerEtVerifier" classname="test.java.com.example.SignatureTest" time="0.015">
    <system-out><![CDATA[Empreinte du message : 84633312863922471376330037953267285772071217785657846530145723160960499289727
Signature générée : 74718609825897616352259772645490065423142801474663216970572648690748132798570828560307338910170923792132913713930391912791003621770932580906829352843166769171990459683910362673539021556829974589201251905768817185567126308760610097138740124235382435937812876530099394167714373296782897818684758310814404425961
Signature valide : true
]]></system-out>
  </testcase>
  <testcase name="testSignerEtVerifier" classname="test.java.com.example.SignatureTest" time="0.01">
    <system-out><![CDATA[Empreinte du message : 84633312863922471376330037953267285772071217785657846530145723160960499289727
Signature générée : 123665402537897122297167202017465120579779701123652184516167018725375673664616188191004016972179735542953286936260311678663482562459270517466549689318332310944147433858279167490219432744368894184480433918759583098447644062475773299110895216484853127538396067507999171231259414650510085844224449808634134753920
Signature valide : true
]]></system-out>
  </testcase>
  <testcase name="testSignerEtVerifier" classname="test.java.com.example.SignatureTest" time="0.011">
    <system-out><![CDATA[Empreinte du message : 84633312863922471376330037953267285772071217785657846530145723160960499289727
Signature générée : 110721930033509255439603539026308984623615382894997334158028577648790349810056354370048979703366724514225683672584094067080684646690622613604277749264280433221792028715972849936221847784684960947545348397555572034812912921566436976699002069292256571698407794842674529767546823452125407418304722483321006316128
Signature valide : true
]]></system-out>
  </testcase>
  <testcase name="testSignerEtVerifier" classname="test.java.com.example.SignatureTest" time="0.012">
    <system-out><![CDATA[Empreinte du message : 84633312863922471376330037953267285772071217785657846530145723160960499289727
Signature générée : 2348643048407220689950073369143178930073653956272310086808354258118949721955161232104367745784327290822372468283976564486980999508952243801980023717233838268411110921209177424779870329738707010562447687569081716284696614576645381232098550232407234683199223499516758426290820290696722402088244867787011284573
Signature valide : true
]]></system-out>
  </testcase>
  <testcase name="testSignerEtVerifier" classname="test.java.com.example.SignatureTest" time="0.014">
    <system-out><![CDATA[Empreinte du message : 84633312863922471376330037953267285772071217785657846530145723160960499289727
Signature générée : 156771728156556579019445183866746160962906532026794765967392684783880715918662075341553036969231113399681549362383817257216396686830164115794676646788292448815597254843289556914432395165019662859613628511789311290819790546716541410754156046705599337957836144323947236958577317096627415956325925199975432020189
Signature valide : true
]]></system-out>
  </testcase>
  <testcase name="testSignerEtVerifier" classname="test.java.com.example.SignatureTest" time="0.01">
    <system-out><![CDATA[Empreinte du message : 84633312863922471376330037953267285772071217785657846530145723160960499289727
Signature générée : 48343451768321314942698775093348015254929405802287623874124417023951245679701582414600884177266494153053180147157100014107243845842337891721796888961223383609632311750614477986617906903170352387967117981540143281481755282157505550099912777527646567105161072878378389155497267860901260889705050819197321139772
Signature valide : true
]]></system-out>
  </testcase>
  <testcase name="testSignerEtVerifier" classname="test.java.com.example.SignatureTest" time="0.01">
    <system-out><![CDATA[Empreinte du message : 84633312863922471376330037953267285772071217785657846530145723160960499289727
Signature générée : 38870586503030288459221374954438085181902386148218290307951013582836363827724463246215730032367176130363741045479315207794309070070496058871196735314262190185213448886179208064784562764100018271969362707173802098865972747891646970626983191320833322793760273924443420550373087858522521176491131729413968524892
Signature valide : true
]]></system-out>
  </testcase>
  <testcase name="testSignerEtVerifier" classname="test.java.com.example.SignatureTest" time="0.009">
    <system-out><![CDATA[Empreinte du message : 84633312863922471376330037953267285772071217785657846530145723160960499289727
Signature générée : 25804086628344486339484980981130783027501771210400603299477197256343527714400727072021808347950742159410542161336232937277690897726731179820929485733518038834779854657345179577686438889446248111141742783556715960830321337416598330565817306372522686783934592397092035049640960576652935357235355618830491596302
Signature valide : true
]]></system-out>
  </testcase>
  <testcase name="testSignerEtVerifier" classname="test.java.com.example.SignatureTest" time="0.009">
    <system-out><![CDATA[Empreinte du message : 84633312863922471376330037953267285772071217785657846530145723160960499289727
Signature générée : 41754785657896821087378157817302861163248990844417198595230009995469915061552572129272153184283299377335693035847382951134290730919751452302949556072667379482260470648250017014868172518386750784135392982974608240173166547212934548342137804830466763234111987309217697800226165267587463432535311732190403554781
Signature valide : true
]]></system-out>
  </testcase>
  <testcase name="testSignerEtVerifier" classname="test.java.com.example.SignatureTest" time="0.01">
    <system-out><![CDATA[Empreinte du message : 84633312863922471376330037953267285772071217785657846530145723160960499289727
Signature générée : 24056592271409427032907122265084034857998928932389199547760182519200226493480583600553032764582334271596454932595133990500312580876662661574286096414752191391289968044066874503873757218453292820000738136458733951684543766366101871377198242185772491371792013393560011125277601925094256532688885269420358799245
Signature valide : true
]]></system-out>
  </testcase>
  <testcase name="testSignerEtVerifier" classname="test.java.com.example.SignatureTest" time="0.009">
    <system-out><![CDATA[Empreinte du message : 84633312863922471376330037953267285772071217785657846530145723160960499289727
Signature générée : 42165015117112137993250659320412633668590356190970798592645791614922591200080392156200920412748452350375197318821864703821585244162949899271591140935812602782110690077152708504726502902729950964389630035281591052185680094238098870978415651256633139249418707931681264661577542377146093628678820641143288941739
Signature valide : true
]]></system-out>
  </testcase>
  <testcase name="testSignerEtVerifier" classname="test.java.com.example.SignatureTest" time="0.01">
    <system-out><![CDATA[Empreinte du message : 84633312863922471376330037953267285772071217785657846530145723160960499289727
Signature générée : 16488107061656938642500319409497843103519144844998247672817136356414541200706385331282881627312159624101894807233754805364028075696936248411111785545505662037857556855296929433496109761601042142450800872723876174371422203287626660057187716809755524237634487705108670546764806584610817158207611592746404499194
Signature valide : true
]]></system-out>
  </testcase>
  <testcase name="testSignerEtVerifier" classname="test.java.com.example.SignatureTest" time="0.01">
    <system-out><![CDATA[Empreinte du message : 84633312863922471376330037953267285772071217785657846530145723160960499289727
Signature générée : 77401613393707118694817953074654066003961930054999185600417515799649768440696793101378826270651929583745368279194773299848260662523570825610690421452390830299606452210746869438357843850437104892942901368451971295073418429674621952295824854427655875874169860382959153104357968721747596655738548787089400466040
Signature valide : true
]]></system-out>
  </testcase>
  <testcase name="testSignerEtVerifier" classname="test.java.com.example.SignatureTest" time="0.009">
    <system-out><![CDATA[Empreinte du message : 84633312863922471376330037953267285772071217785657846530145723160960499289727
Signature générée : 41528073620550485534105956638211664256515627751214175033652355756136074913174360894812582223785813858561951097713267660949685348436220742727690256404744372053320493119093006741829274129946400854045126758895236995728086219299209165358214646934727174299683662592054959447254699301197557309155713681442733546875
Signature valide : true
]]></system-out>
  </testcase>
  <testcase name="testSignerEtVerifier" classname="test.java.com.example.SignatureTest" time="0.01">
    <system-out><![CDATA[Empreinte du message : 84633312863922471376330037953267285772071217785657846530145723160960499289727
Signature générée : 74439837384459563344702650807944981071903498355807803174471326844888952428707452205610637178683584651861088079252270297014841811101718770964378017976684408612204388235394060126925058564402721285719368675737448237898795308107835357865855508310061537496603978565238248468197722242333994358062085443292143993668
Signature valide : true
]]></system-out>
  </testcase>
  <testcase name="testSignerEtVerifier" classname="test.java.com.example.SignatureTest" time="0.012">
    <system-out><![CDATA[Empreinte du message : 84633312863922471376330037953267285772071217785657846530145723160960499289727
Signature générée : 51532903889126181266779113017634397613273316977245767222172666189800730857726961049534556960604314850447888645688368644658794876576509760459957215094432311630096647456494079331234106960063030603140412277702685836866009639908271698008909636121140107794275446331857616714594946033335905183067038350469729811950
Signature valide : true
]]></system-out>
  </testcase>
  <testcase name="testSignerEtVerifier" classname="test.java.com.example.SignatureTest" time="0.01">
    <system-out><![CDATA[Empreinte du message : 84633312863922471376330037953267285772071217785657846530145723160960499289727
Signature générée : 51027847120731523298943834546866846294129686277595957282375548054970277610146330655428994390902716717747223245836119787630953936201879616702348059342992759656747335341018316199046866247916521686201088115091151481084825286536540723836597824833372401215747360630989965144714848388523769899330882230245945851039
Signature valide : true
]]></system-out>
  </testcase>
  <testcase name="testSignerEtVerifier" classname="test.java.com.example.SignatureTest" time="0.011">
    <system-out><![CDATA[Empreinte du message : 84633312863922471376330037953267285772071217785657846530145723160960499289727
Signature générée : 35013442350718323152260813801387623671584501881928333727944063446985569332100441234298677287402687924180598214452211786988819363362896125936146725785001314257358854383835555025385896782086442210608909495453005895760352654690343907907091232665606921785355801327642440154041881937298463673585601305624759347478
Signature valide : true
]]></system-out>
  </testcase>
  <testcase name="testSignerEtVerifier" classname="test.java.com.example.SignatureTest" time="0.009">
    <system-out><![CDATA[Empreinte du message : 84633312863922471376330037953267285772071217785657846530145723160960499289727
Signature générée : 15915509700646204872250503584719531666119629109534144886491864963910424285928119835855622213069761327910204691769405630454613756839012802251132586708634223645888053684960278757224504616986003920735609284416181321053426696388577855232485888063397038685000146054181253371197713683581488182717515402310011451179
Signature valide : true
]]></system-out>
  </testcase>
  <testcase name="testSignerEtVerifier" classname="test.java.com.example.SignatureTest" time="0.009">
    <system-out><![CDATA[Empreinte du message : 84633312863922471376330037953267285772071217785657846530145723160960499289727
Signature générée : 28893623125119757428791982361204055522800374395130302414107129923038620259752192388028064318094448964025288338722003733329527379469685731015293423367607294155054737477086641120874836393196187073959201612947984882556432490427312797842264640791667633904662381777919067996284496671013035542764357336634533854710
Signature valide : true
]]></system-out>
  </testcase>
  <testcase name="testSignerEtVerifier" classname="test.java.com.example.SignatureTest" time="0.008">
    <system-out><![CDATA[Empreinte du message : 84633312863922471376330037953267285772071217785657846530145723160960499289727
Signature générée : 86481403207667769268983644817301735011453831544951227950973220929290512946271488158252295746876462905079957359048013725520836725156368851487560947972570119723207681733961155724294120520300121698159434102525935228158762722500667327394912475542621048749525680885403615856175685601599008643677323382614523264893
Signature valide : true
]]></system-out>
  </testcase>
  <testcase name="testSignerEtVerifier" classname="test.java.com.example.SignatureTest" time="0.009">
    <system-out><![CDATA[Empreinte du message : 84633312863922471376330037953267285772071217785657846530145723160960499289727
Signature générée : 9999463564158301936502958306343688073969832142063775713499635454542027065107613489519411427654987298437455286054718766659795980352227475404913475961539729697441194818084174028172207416255579263640704410516178138509710379013824716975422382011249876346187763902741688768117300230852947416405239813824614845511
Signature valide : true
]]></system-out>
  </testcase>
  <testcase name="testSignerEtVerifier" classname="test.java.com.example.SignatureTest" time="0.01">
    <system-out><![CDATA[Empreinte du message : 84633312863922471376330037953267285772071217785657846530145723160960499289727
Signature générée : 6660113923994158171060238335509422484780241997485161114761163276519915443788241121629366391649637913550706169413884118151310813963313382906745557673711452879234778085016133939028421742020396817193418403479906517787662259484657055451972369228148453406138862494245029614094547895203090889537077352448162728599
Signature valide : true
]]></system-out>
  </testcase>
  <testcase name="testSignerEtVerifier" classname="test.java.com.example.SignatureTest" time="0.014">
    <system-out><![CDATA[Empreinte du message : 84633312863922471376330037953267285772071217785657846530145723160960499289727
Signature générée : 4190274875959937523135774873117371390436189860144103136178196482029628293880919565482819701657483667562372406820210656840562395328803866926638121330094001005915846249348402612284060126563648584619342780607270768869178816262246840925687548790826716313417149996139447573821547570671960868450867951278419215901
Signature valide : true
]]></system-out>
  </testcase>
  <testcase name="testSignerEtVerifier" classname="test.java.com.example.SignatureTest" time="0.01">
    <system-out><![CDATA[Empreinte du message : 84633312863922471376330037953267285772071217785657846530145723160960499289727
Signature générée : 75377983545274656367498650940106523083410042796085423064451826238910138205759076050718978930757681284961634750004032348257649606173972609730612746685953834641665073893264363045792543884035972318343681075514540484411475377968857482332798453522653161454128989504900697702452287197319457202368548319675525248301
Signature valide : true
]]></system-out>
  </testcase>
  <testcase name="testSignerEtVerifier" classname="test.java.com.example.SignatureTest" time="0.01">
    <system-out><![CDATA[Empreinte du message : 84633312863922471376330037953267285772071217785657846530145723160960499289727
Signature générée : 13729572400455493106483298961320485287293719325577841133060132553948654986823621455178756529619908986478003526089026030014957719511496891536802154875308714746883603341533453164232359954572230632547718578461181192205459355645139771382488911162315090545609930235672105930147689581767838131079374201753981667446
Signature valide : true
]]></system-out>
  </testcase>
  <testcase name="testSignerEtVerifier" classname="test.java.com.example.SignatureTest" time="0.013">
    <system-out><![CDATA[Empreinte du message : 84633312863922471376330037953267285772071217785657846530145723160960499289727
Signature générée : 30366791412945962701957716941258507701347395660049197424085427275928889766450058197144323961803296884250552185859702229996683526208303175784381349839999063655409722283218996887001902137862381056199990181672097160943091823273861817533237417304538242054463271828110564075155033369775863988273792400599946755600
Signature valide : true
]]></system-out>
  </testcase>
  <testcase name="testSignerEtVerifier" classname="test.java.com.example.SignatureTest" time="0.011">
    <system-out><![CDATA[Empreinte du message : 84633312863922471376330037953267285772071217785657846530145723160960499289727
Signature générée : 48424771975714758345525622346183125534922022601298383400406571902335382454801755595437516638393000069886241080607369553382364042853174538495434171696605603127271090414731874104476240193855798053130173638325212498279515905388035958686238967981380121119657967839324768800395938898075322107884633212280968877783
Signature valide : true
]]></system-out>
  </testcase>
  <testcase name="testSignerEtVerifier" classname="test.java.com.example.SignatureTest" time="0.011">
    <system-out><![CDATA[Empreinte du message : 84633312863922471376330037953267285772071217785657846530145723160960499289727
Signature générée : 25827510243769457291364617740009720149858994368843571871430991233995302202180433115255527675123919902980794647010165866845865996828536947297362178268666422530275403030508753664943133789508455002155762402587729441744737558689726207596146415878029013683598558519049473781567821209717882900284386919172137418186
Signature valide : true
]]></system-out>
  </testcase>
  <testcase name="testSignerEtVerifier" classname="test.java.com.example.SignatureTest" time="0.01">
    <system-out><![CDATA[Empreinte du message : 84633312863922471376330037953267285772071217785657846530145723160960499289727
Signature générée : 2070406699884368671286773433933506541990591584559050615791337899441069699067537902551921565963340913907907615035761275681775135962237043117156455130848532257013941291431606175438436918087699333740676902910969722393620782685482180040211199896973057719073662374754874667997667288124529541341527686734801083327
Signature valide : true
]]></system-out>
  </testcase>
  <testcase name="testSignerEtVerifier" classname="test.java.com.example.SignatureTest" time="0.009">
    <system-out><![CDATA[Empreinte du message : 84633312863922471376330037953267285772071217785657846530145723160960499289727
Signature générée : 7140554169746633161273582573520561743170581267316684046563842903866257064810968614932447200666353184933346832389397467644533072432854651577612077037988252142778833313873861700623706330186660694531286937305684705834948826279947123092239693651377439038766499646959880099116689348296898504095541489639539550341
Signature valide : true
]]></system-out>
  </testcase>
  <testcase name="testSignerEtVerifier" classname="test.java.com.example.SignatureTest" time="0.011">
    <system-out><![CDATA[Empreinte du message : 84633312863922471376330037953267285772071217785657846530145723160960499289727
Signature générée : 30210540999696708735765835171266638330890423293308811259192560821320058516878414438336010135206522079894525159273755903230668450441815057853938854545192695146205018557777212277024033501372560546934267398447816178915755871858881684836920235860745806494289931293303306262920675135785558389436943125119970475512
Signature valide : true
]]></system-out>
  </testcase>
  <testcase name="testSignerEtVerifier" classname="test.java.com.example.SignatureTest" time="0.01">
    <system-out><![CDATA[Empreinte du message : 84633312863922471376330037953267285772071217785657846530145723160960499289727
Signature générée : 49789572040571055210793276542541058149972724478450023638010987842183523966774968553790796553827054519308755554774866376641231278114739376331683760239882642846619026396515180575928417657051451669689895927386889429076737999709326989914145548496699745800117686150224262312458310277671690150565889956895956916027
Signature valide : true
]]></system-out>
  </testcase>
</testsuite>