<?xml version="1.0" encoding="UTF-8"?>
<testsuite xmlns:xsi="http://www.w3.org/2001/XMLSchema-instance" xsi:noNamespaceSchemaLocation="https://maven.apache.org/surefire/maven-surefire-plugin/xsd/surefire-test-report-3.0.xsd" version="3.0" name="test.java.com.example.SignatureTest" time="2.135" tests="100" errors="0" skipped="0" failures="0">
  <properties>
[...]
</properties>
  <testcase name="testSignerEtVerifier" classname="test.java.com.example.SignatureTest" time="0.163">
    <system-out><![CDATA[Empreinte du message : 84633312863922471376330037953267285772071217785657846530145723160960499289727
Signature générée : 69823200560632380493638467460618116267496629610868995048581248140240629090359236977489555039100150292442020593585519880861853854264697270561354134903335103442636211500915464876693986700920080247303714870286087077390363684770187852272295216788502609858844730494065508487195294528930206825382181113180622258220
Signature valide : true
]]></system-out>
  </testcase>
  <testcase name="testSignerEtVerifier" classname="test.java.com.example.SignatureTest" time="0.052">
    <system-out><![CDATA[Empreinte du message : 84633312863922471376330037953267285772071217785657846530145723160960499289727
Signature générée : 40636963328886414746199506720640402912045335071343626670312572116163996815101157950522864149549340251220529431341293645076178726527436292102762397511147446754150258362468194848883224324729643183587483598100700387912631377658639246393502459434668987591659707698031449600261515421165614807274756288961655897024
Signature valide : true
]]></system-out>
  </testcase>
  <testcase name="testSignerEtVerifier" classname="test.java.com.example.SignatureTest" time="0.037">
    <system-out><![CDATA[Empreinte du message : 84633312863922471376330037953267285772071217785657846530145723160960499289727
Signature générée : 20075643507444045283065487065672189234954799621912252511256981273672456700721655378225394602794449825948937554983796467465159086718219848252195825472984388360294236420096098532395799401239762687102040317998156482278855377248591632985031572548469932535561709248428830955442860454955772593358517123929991778602
Signature valide : true
]]></system-out>
  </testcase>
  <testcase name="testSignerEtVerifier" classname="test.java.com.example.SignatureTest" time="0.039">
    <system-out><![CDATA[Empreinte du message : 84633312863922471376330037953267285772071217785657846530145723160960499289727
Signature générée : 1209289337253983937011188986116695304661402607637559684822910343453399482564645113194739475187378608360897908353953786557818010305861483416603915718388607842433042903272341508479740831225713982710060849194383270647061577917383479368334903473576383429897431999249207987307650186920199174143941344215610815806
Signature valide : true
]]></system-out>
  </testcase>
  <testcase name="testSignerEtVerifier" classname="test.java.com.example.SignatureTest" time="0.034">
    <system-out><![CDATA[Empreinte du message : 84633312863922471376330037953267285772071217785657846530145723160960499289727
Signature générée : 34275544290121981555849978052205634975236454460959291023985143623627767896464575086503416839395588182935361476291314956960007246221182084268333451139249553623894706228622803966736179852644979408829830547635740689080194716481790486034951307893064589394156749967018412105681040570795348143143862816512991465667
Signature valide : true
]]></system-out>
  </testcase>
  <testcase name="testSignerEtVerifier" classname="test.java.com.example.SignatureTest" time="0.029">
    <system-out><![CDATA[Empreinte du message : 84633312863922471376330037953267285772071217785657846530145723160960499289727
Signature générée : 43538955572182161957255701274317787562704446675576610406769516971078375642284774203518888772067096644603349648889736295990281690987899540432524837416197044650748669529100983155270099602946405733152892670019530149995113498658547717401725403798630018515702953658832782673726228235443717156191349445955528890952
Signature valide : true
]]></system-out>
  </testcase>
  <testcase name="testSignerEtVerifier" classname="test.java.com.example.SignatureTest" time="0.025">
    <system-out><![CDATA[Empreinte du message : 84633312863922471376330037953267285772071217785657846530145723160960499289727
Signature générée : 16355049970923302898484926962353438540652065416292381879329218287237024530628691472058645259256110348741143169653094044932959536212260548005509908331363960548316498160440095058302902069164764852787870895277356184986189260482420944069859680889351835836490727074203286413224474414504861481157361694788592434373
Signature valide : true
]]></system-out>
  </testcase>
  <testcase name="testSignerEtVerifier" classname="test.java.com.example.SignatureTest" time="0.021">
    <system-out><![CDATA[Empreinte du message : 84633312863922471376330037953267285772071217785657846530145723160960499289727
Signature générée : 21989460626463215092973049725720792372702908198031772457821251541811049520732881752083972668480991521627106240317209138676865782381895991534936392611612765957194528315819784845146285370430882272422761439888083010661007940600660777049594798368415768340030065801700924435941631450191293039212381908397095271544
Signature valide : true
]]></system-out>
  </testcase>
  <testcase name="testSignerEtVerifier" classname="test.java.com.example.SignatureTest" time="0.019">
    <system-out><![CDATA[Empreinte du message : 84633312863922471376330037953267285772071217785657846530145723160960499289727
Signature générée : 15583765371193992693582898745430270672164935372201214545973936707505857671347356540575885701702329487384773537454872715952616481899563475400545083847169149686392396135696186704735188937522425514308557608624767164193059455195042676662387620931311148516914186472525732536557111116303484354328718066072534938649
Signature valide : true
]]></system-out>
  </testcase>
  <testcase name="testSignerEtVerifier" classname="test.java.com.example.SignatureTest" time="0.019">
    <system-out><![CDATA[Empreinte du message : 84633312863922471376330037953267285772071217785657846530145723160960499289727
Signature générée : 40425340393904700789482905892586850941893836984650710929146771171849323275493570569210565565823601487915694499963337271459508917330443393752246684759385487896056133382204223980672486447194023635545002659921751282463908002228956372558297377164758924291858215938303729772236775615511753954560013606728044159541
Signature valide : true
]]></system-out>
  </testcase>
  <testcase name="testSignerEtVerifier" classname="test.java.com.example.SignatureTest" time="0.019">
    <system-out><![CDATA[Empreinte du message : 84633312863922471376330037953267285772071217785657846530145723160960499289727
Signature générée : 63736723368779075054560100608512120667594722424075082538565310951804705280325185618060863729888099954542078684405892138593595670545709015628473356128870065022218697904263377137941229227082239359420706134163448621256390354728275853766103244431573716100185961764620024430869966590610823343718073692367174776849
Signature valide : true
]]></system-out>
  </testcase>
  <testcase name="testSignerEtVerifier" classname="test.java.com.example.SignatureTest" time="0.024">
    <system-out><![CDATA[Empreinte du message : 84633312863922471376330037953267285772071217785657846530145723160960499289727
Signature générée : 11847979956142510052648439947644039839600183727042947681073161151742939891029782403398230741495627589274829269407395263225115907616354482277460117257127722473764120590890857192916370985108703402273024125522365521689428564950988514523885393899229697364645442333666711160581945427965052443463322673939507555826
Signature valide : true
]]></system-out>
  </testcase>
  <testcase name="testSignerEtVerifier" classname="test.java.com.example.SignatureTest" time="0.023">
    <system-out><![CDATA[Empreinte du message : 84633312863922471376330037953267285772071217785657846530145723160960499289727
Signature générée : 23628818957208650824357627772008613563746256743962036457220997017326124659503759756279127472277490490090771278979648643336996876560946720826991780483450133163080326193198086340790827093875784889820568752469752770510926038920003729685419115490104368432799102787562560451996279359623826078673649929583635640335
Signature valide : true
]]></system-out>
  </testcase>
  <testcase name="testSignerEtVerifier" classname="test.java.com.example.SignatureTest" time="0.019">
    <system-out><![CDATA[Empreinte du message : 84633312863922471376330037953267285772071217785657846530145723160960499289727
Signature générée : 123790543555604853942891285281551878824976864782667431265957734455055875217396510276316991218982497721143720034645861178245207118770403983587126229844768532994841054816123674018035234639234319687775398269250887682109340417645946897080939025665914232009861496400873223325970146108364385701816012905372415392466
Signature valide : true
]]></system-out>
  </testcase>
  <testcase name="testSignerEtVerifier" classname="test.java.com.example.SignatureTest" time="0.017">
    <system-out><![CDATA[Empreinte du message : 84633312863922471376330037953267285772071217785657846530145723160960499289727
Signature générée : 69133878590753667370756317029615868627644664277311935371238864199590397542904538701503634545733982152198551858006077755288286178511548126234165440679247660448994432881226410485858092002198557009654490813281072022141081682607234782986838207571758046054333937161115421051210073584572885726467320113619987642088
Signature valide : true
]]></system-out>
  </testcase>
  <testcase name="testSignerEtVerifier" classname="test.java.com.example.SignatureTest" time="0.022">
    <system-out><![CDATA[Empreinte du message : 84633312863922471376330037953267285772071217785657846530145723160960499289727
Signature générée : 86863262219100683359947144291069240590625139274338681455596407101165940385010573470823538905929633121333279287145112737565480609300600949922208533208106028605312178956964994318080233739491281657192989328699850525702346168841995646864153249651582150121088103572205941916386157085649670949089573688594229145358
Signature valide : true
]]></system-out>
  </testcase>
  <testcase name="testSignerEtVerifier" classname="test.java.com.example.SignatureTest" time="0.024">
    <system-out><![CDATA[Empreinte du message : 84633312863922471376330037953267285772071217785657846530145723160960499289727
Signature générée : 49034650652521518928852242782680821280563793696794645150098456234519078642275604877362064441520520087497004993054934372894501022992310818835927939522199115536356096026346239598017416896653686060741339408907237296184780554854255499116095033760516554167095935624584131724028873929169061530092666354197143898584
Signature valide : true
]]></system-out>
  </testcase>
  <testcase name="testSignerEtVerifier" classname="test.java.com.example.SignatureTest" time="0.021">
    <system-out><![CDATA[Empreinte du message : 84633312863922471376330037953267285772071217785657846530145723160960499289727
Signature générée : 47157491196639912348034542332869637758264417943742602671046533753076647907557062223425789560650006986246278975435280399166852943109314105451139111873251969596583594337900325517710622241535030648525682520913591594270200860615220603965799098305196793937588897517744737421006466055005967666481544610717298380962
Signature valide : true
]]></system-out>
  </testcase>
  <testcase name="testSignerEtVerifier" classname="test.java.com.example.SignatureTest" time="0.019">
    <system-out><![CDATA[Empreinte du message : 84633312863922471376330037953267285772071217785657846530145723160960499289727
Signature générée : 56927550812854226311627796575484324372654809318769963494029137703395937045102165112690961007473876182892210077080934659365344036030037957198787822037171036880227110925943619284236869975239765867804643319287177763660840554557148417874807215156369622101833953402343592193117289955113530006280000868150274688746
Signature valide : true
]]></system-out>
  </testcase>
  <testcase name="testSignerEtVerifier" classname="test.java.com.example.SignatureTest" time="0.017">
    <system-out><![CDATA[Empreinte du message : 84633312863922471376330037953267285772071217785657846530145723160960499289727
Signature générée : 8173630287177741913189440747985638105299490716665482348025569075839560179214832023372283264484680030098898658143176602038134814690547211489081753487998213813008175648816470701158767696137045082310297415332294307403336759155356047964439432110895958462616595818175234024897479921264613620262248512534261867738
Signature valide : true
]]></system-out>
  </testcase>
  <testcase name="testSignerEtVerifier" classname="test.java.com.example.SignatureTest" time="0.017">
    <system-out><![CDATA[Empreinte du message : 84633312863922471376330037953267285772071217785657846530145723160960499289727
Signature générée : 57977610362051123888945972246799957364886724507772858308779409169959714882294781362171527476418922964778821087088653311118047214375096912654921515762793855145500329937655443963159216696377412338895366293066395636387858715553663859913773706831584364858136651631075969928300520100450436374972547426867948054534
Signature valide : true
]]></system-out>
  </testcase>
  <testcase name="testSignerEtVerifier" classname="test.java.com.example.SignatureTest" time="0.021">
    <system-out><![CDATA[Empreinte du message : 84633312863922471376330037953267285772071217785657846530145723160960499289727
Signature générée : 39760025205898120825888522332079096910984719705717595816562381082591130948212704241826448595287691037866872436010325042996208550396522847450618740951534967201738281940974528678360359275354438126757347548947128267729939074506438954836607609328885632477417350899431394285177183240538612003342606500404805773678
Signature valide : true
]]></system-out>
  </testcase>
  <testcase name="testSignerEtVerifier" classname="test.java.com.example.SignatureTest" time="0.018">
    <system-out><![CDATA[Empreinte du message : 84633312863922471376330037953267285772071217785657846530145723160960499289727
Signature générée : 69726307903273619548102805804590125061546823569058897865314739056974448628230889432864617146692788169643607117075109523174744714982296814422292548113154684723617083532092933931422704987592958370492589944309205347334721687501653331488148695798636083092722836010977751078671991452544833151216846013972005823840
Signature valide : true
]]></system-out>
  </testcase>
  <testcase name="testSignerEtVerifier" classname="test.java.com.example.SignatureTest" time="0.017">
    <system-out><![CDATA[Empreinte du message : 84633312863922471376330037953267285772071217785657846530145723160960499289727
Signature générée : 71271109948330730823215182203413858626265571579768812241095935182655930423306740354185139582452202312637985296200258436137615631741838392279664708414947330761502311315177826951638001287790390982886065671826120675776104776510731794104498627392438733486711312579230796571282548572023916143955678890565686933510
Signature valide : true
]]></system-out>
  </testcase>
  <testcase name="testSignerEtVerifier" classname="test.java.com.example.SignatureTest" time="0.016">
    <system-out><![CDATA[Empreinte du message : 84633312863922471376330037953267285772071217785657846530145723160960499289727
Signature générée : 64711761960143451437551999847401456467015995931838602477781483919092493533977012985451805586529120609280329948362752264722772173181838348774276994852191518541683146530889847430352234942537719306419086198206069716857940898230883433601712462800892341037170383055215028218364916861763266684535820536715324912570
Signature valide : true
]]></system-out>
  </testcase>
  <testcase name="testSignerEtVerifier" classname="test.java.com.example.SignatureTest" time="0.015">
    <system-out><![CDATA[Empreinte du message : 84633312863922471376330037953267285772071217785657846530145723160960499289727
Signature générée : 23695937286501719612768262384621288060235600706344309397710074148986683574922057875992699230314267543577664110940580385047985024765162935210763132811840264408845440720064246532120193829787932939891143882266786981911276187910722143305882457730468607315276225538162635904793864514741393147902133810829702430100
Signature valide : true
]]></system-out>
  </testcase>
  <testcase name="testSignerEtVerifier" classname="test.java.com.example.SignatureTest" time="0.016">
    <system-out><![CDATA[Empreinte du message : 84633312863922471376330037953267285772071217785657846530145723160960499289727
Signature générée : 21665969291273118664869081300485067584829270515321242025300212768039112894175439373359768525527636453808876857190376331389593083305966239842313227212055178755103564124454187439548722664374670048479889051747555706663686213118486361443058391614151832598852313116285814041695073184823860543628737113921134668133
Signature valide : true
]]></system-out>
  </testcase>
  <testcase name="testSignerEtVerifier" classname="test.java.com.example.SignatureTest" time="0.015">
    <system-out><![CDATA[Empreinte du message : 84633312863922471376330037953267285772071217785657846530145723160960499289727
Signature générée : 37156254015395575691306967600774619142493267241252044143907517668663674257767895051122734546174374815903112059044865066732839029679880886730364778713170832831209628370463486787876246909005999121118071895570369167327334491049287067271597172676606036159459746774532713250335276712992792837413961133273650656460
Signature valide : true
]]></system-out>
  </testcase>
  <testcase name="testSignerEtVerifier" classname="test.java.com.example.SignatureTest" time="0.016">
    <system-out><![CDATA[Empreinte du message : 84633312863922471376330037953267285772071217785657846530145723160960499289727
Signature générée : 54459035810159853686407944649518423596644033225074073402256722054303697552761500166307556907261022348525971389226379841633184953066484824335171467332121166166152400552250868542993148939400239694628627005140041775370151283880700041295475256991488403263611288392881856649086142486313578378618452526992409327608
Signature valide : true
]]></system-out>
  </testcase>
  <testcase name="testSignerEtVerifier" classname="test.java.com.example.SignatureTest" time="0.014">
    <system-out><![CDATA[Empreinte du message : 84633312863922471376330037953267285772071217785657846530145723160960499289727
Signature générée : 1288380695933183029652391999300746229556764194762873933185954683339492413421985871417967731556193706379100215876938892657179046013716898776687712264357527060873997353375150864577021956919699625036288347088450019563235003762261732466138620189501330652944151638701237476155940955175809987145797194927944868817
Signature valide : true
]]></system-out>
  </testcase>
  <testcase name="testSignerEtVerifier" classname="test.java.com.example.SignatureTest" time="0.013">
    <system-out><![CDATA[Empreinte du message : 84633312863922471376330037953267285772071217785657846530145723160960499289727
Signature générée : 7383656605353657674325702270990437778276813073847594957561081319891065894105233004711911397313500591312958655614906371259896023504246746243261765189549022162058144686300727839967836114860797952678213477509429249274880201523653128769987082309929099081631478692104966612510628106224845408566975655544230969868
Signature valide : true
]]></system-out>
  </testcase>
  <testcase name="testSignerEtVerifier" classname="test.java.com.example.SignatureTest" time="0.023">
    <system-out><![CDATA[Empreinte du message : 84633312863922471376330037953267285772071217785657846530145723160960499289727
Signature générée : 76895357243617981480163805360535814081318109399060559473788059236787834414466592086631301389902354005183370632726524902362493855911007461332855282335554006658770400199865994391039733241379799442827093719915926895685073428777024608246229268860663684175478560352860853664054648901470891845540991944067894057550
Signature valide : true
]]></system-out>
  </testcase>
  <testcase name="testSignerEtVerifier" classname="test.java.com.example.SignatureTest" time="0.015">
    <system-out><![CDATA[Empreinte du message : 84633312863922471376330037953267285772071217785657846530145723160960499289727
Signature générée : 14071072119271526346040078236346451796401959084280543642290358242235035870913043623677611513326956735440248118928340250643554808338523622334180590106034911806582647334751814514238900551056568506625064832929180777849473390899042330575691683307373544793467065026962687836041422779864716325863777196239183706996
Signature valide : true
]]></system-out>
  </testcase>
  <testcase name="testSignerEtVerifier" classname="test.java.com.example.SignatureTest" time="0.017">
    <system-out><![CDATA[Empreinte du message : 84633312863922471376330037953267285772071217785657846530145723160960499289727
Signature générée : 3670415262110235231514406217401787674574904328470859091961170453397409345426781086671892431698160797170251067989264672240069254419721724891143948344033403116282716863896927352079074403754355922676385631926601468939089338404573525574261535851597643000073409756481760086999438845533159134501666386285462518648
Signature valide : true
]]></system-out>
  </testcase>
  <testcase name="testSignerEtVerifier" classname="test.java.com.example.SignatureTest" time="0.02">
    <system-out><![CDATA[Empreinte du message : 84633312863922471376330037953267285772071217785657846530145723160960499289727
Signature générée : 81016668346707821048194801308338676701916296475729226995804681111913236124902613236144497282026069976066698103973276272482692331712026383193939170566014834096395633549788026854949144935860999199866165606302794879124898587843699920818360459328409523854285838821309740945952090370099092984833436360439077808707
Signature valide : true
]]></system-out>
  </testcase>
  <testcase name="testSignerEtVerifier" classname="test.java.com.example.SignatureTest" time="0.019">
    <system-out><![CDATA[Empreinte du message : 84633312863922471376330037953267285772071217785657846530145723160960499289727
Signature générée : 64495795885321897296326702466515950743470861242768037847752649268142898292037464090841132006714574560352199841697140708884539605294595126055634986684100677106384590294080406753624537050514282637411900765953447355831838807264945039949584453616854343775516400945146381931439412817238499247316409023294231881253
Signature valide : true
]]></system-out>
  </testcase>
  <testcase name="testSignerEtVerifier" classname="test.java.com.example.SignatureTest" time="0.025">
    <system-out><![CDATA[Empreinte du message : 84633312863922471376330037953267285772071217785657846530145723160960499289727
Signature générée : 21947235069435423788193873474630448243674638743611208641769752420442408617423205996318112436879336005140368867145192967525179211899180541842558925643316312284647806427415572546757374628848483277184714464255833006415231643800320797610532067916700409563228568189264912934050095599456483495221089208948401265781
Signature valide : true
]]></system-out>
  </testcase>
  <testcase name="testSignerEtVerifier" classname="test.java.com.example.SignatureTest" time="0.031">
    <system-out><![CDATA[Empreinte du message : 84633312863922471376330037953267285772071217785657846530145723160960499289727
Signature générée : 41459104166686676825839110693945520940290760813916658768950432999593207853635088890752514720482727027057097198957864616819996093244668662191557261296681521840513872644957532833088747005904319029176561888680900817026142218065553942018352642636041416638491429272829271374487036812872052398297943077348495972738
Signature valide : true
]]></system-out>
  </testcase>
  <testcase name="testSignerEtVerifier" classname="test.java.com.example.SignatureTest" time="0.02">
    <system-out><![CDATA[Empreinte du message : 84633312863922471376330037953267285772071217785657846530145723160960499289727
Signature générée : 2096184740517547387020580475695442736530696590925975132629058890966911452957877503954519006147788556464272812227396324198409324159964695332834154944238990210968297890145570332129718023644106552053409315127214745358521914928440790638269577626363550748600201197872578247399246418015494250269873289483195325010
Signature valide : true
]]></system-out>
  </testcase>
  <testcase name="testSignerEtVerifier" classname="test.java.com.example.SignatureTest" time="0.015">
    <system-out><![CDATA[Empreinte du message : 84633312863922471376330037953267285772071217785657846530145723160960499289727
Signature générée : 10735333966871855031624928695198266991495206588007880436346291123049887323841622305752111164116893458112163605738602330115087532578893782488078500582386619119621798928240215086091172924625856998816042867648538689121011730550357147361121501805038314229367767400505840843837820142813969986748349965190620508909
Signature valide : true
]]></system-out>
  </testcase>
  <testcase name="testSignerEtVerifier" classname="test.java.com.example.SignatureTest" time="0.015">
    <system-out><![CDATA[Empreinte du message : 84633312863922471376330037953267285772071217785657846530145723160960499289727
Signature générée : 4860790629246144673066935334172712029781478549100250505075013708356617721600222721945862368394020234626593587109037413058419853476053013206192700072701399719429177707213833928161968415409295593714018552879822402825454670377290693930215063646695699480466273357740503568446977316122230791661691089092171556242
Signature valide : true
]]></system-out>
  </testcase>
  <testcase name="testSignerEtVerifier" classname="test.java.com.example.SignatureTest" time="0.016">
    <system-out><![CDATA[Empreinte du message : 84633312863922471376330037953267285772071217785657846530145723160960499289727
Signature générée : 12343567476247750852106039557064170782582246263735587623586832022081950816587113983115783303154613421291097501943705689644051989638069675169178267534546726671029582540434210772202538897109676599443606330755619092218819378307099907994689515852730241257474201264720249052769925292166618225738786940986387015235
Signature valide : true
]]></system-out>
  </testcase>
  <testcase name="testSignerEtVerifier" classname="test.java.com.example.SignatureTest" time="0.014">
    <system-out><![CDATA[Empreinte du message : 84633312863922471376330037953267285772071217785657846530145723160960499289727
Signature générée : 49800139458026128037422463411062556725261863997098189286837890494283262860737389947464952717349022931016261131968914940849987646416294982153205577818155038270844621228181219459045721206065862681826621520848160882377451051394322302524682860473840154427178364455175311221810214141802777782234711079172939454026
Signature valide : true
]]></system-out>
  </testcase>
  <testcase name="testSignerEtVerifier" classname="test.java.com.example.SignatureTest" time="0.015">
    <system-out><![CDATA[Empreinte du message : 84633312863922471376330037953267285772071217785657846530145723160960499289727
Signature générée : 22116508137466490696500895826316637826207209641891601166999606732592887389210580015577173542797188657406014202731534750300843877119219357258233950268961842430100800979307953205611416616422373636074910264480819004801918733620481465029496132648284440650636876659182907483080954180136876797485399543899028536931
Signature valide : true
]]></system-out>
  </testcase>
  <testcase name="testSignerEtVerifier" classname="test.java.com.example.SignatureTest" time="0.015">
    <system-out><![CDATA[Empreinte du message : 84633312863922471376330037953267285772071217785657846530145723160960499289727
Signature générée : 38402065035995437867105942172158650415212123611194833544693396714421194955744100548684070368017842709007485124656145117744432789628837909932828671002768237345823649708089852296832963145340487403994538963591848116822880075300437715773398706123623436505281515187030744552614239485198276139564791882035685207834
Signature valide : true
]]></system-out>
  </testcase>
  <testcase name="testSignerEtVerifier" classname="test.java.com.example.SignatureTest" time="0.014">
    <system-out><![CDATA[Empreinte du message : 84633312863922471376330037953267285772071217785657846530145723160960499289727
Signature générée : 81141132208904837006905937875469178739528098089173423957510274473293153339810838560083420182552188806210396355246234312498769471128663578080332874843970866361754938295467570451856351975915049913314805606601173918554131016346067523494059768183713153026807881933694653603429174026543968092114123549431869144358
Signature valide : true
]]></system-out>
  </testcase>
  <testcase name="testSignerEtVerifier" classname="test.java.com.example.SignatureTest" time="0.02">
    <system-out><![CDATA[Empreinte du message : 84633312863922471376330037953267285772071217785657846530145723160960499289727
Signature générée : 23278308862386970472186580153275371416015359596202545660268101472564716470101256606735204157050825860833054274309775834052392935071961587040036724355461720504401798287407121618342901369844659351640458505499039885603494751266141763972035403861320510447240354840164334841596061300245808641847002411201510629791
Signature valide : true
]]></system-out>
  </testcase>
  <testcase name="testSignerEtVerifier" classname="test.java.com.example.SignatureTest" time="0.018">
    <system-out><![CDATA[Empreinte du message : 84633312863922471376330037953267285772071217785657846530145723160960499289727
Signature générée : 135048881664470577709003427087818695569547811919614427485378574485981060769873931426457752370913983119752257640272843390961193867902786381494210087317821726894285929180619261905097446066613991755142101849656978684742849281198706148261920714157024793397027762649906821681089645882457625630448180613820430733808
Signature valide : true
]]></system-out>
  </testcase>
  <testcase name="testSignerEtVerifier" classname="test.java.com.example.SignatureTest" time="0.017">
    <system-out><![CDATA[Empreinte du message : 84633312863922471376330037953267285772071217785657846530145723160960499289727
Signature générée : 44050026924329748690680064408377470627945542950951129890465748202430356555991304845393208403734370794676516782598504527871204320693571454543793817522580356576685116094720914531039837237616607114127977940349652033290160687173757252313388727501095094764280531115285927749211648952203427769259035462751556882428
Signature valide : true
]]></system-out>
  </testcase>
  <testcase name="testSignerEtVerifier" classname="test.java.com.example.SignatureTest" time="0.015">
    <system-out><![CDATA[Empreinte du message : 84633312863922471376330037953267285772071217785657846530145723160960499289727
Signature générée : 17159178196654849048283677919939808940718052160324439312764805052724478298038926565742608595471701159768268826149177299486905773097234459193972752193877990804440292680167678398745416785546437969185821997663132544367598243564026516168477180096780254236851795460060520051154272199791293997474133405436461197510
Signature valide : true
]]></system-out>
  </testcase>
  <testcase name="testSignerEtVerifier" classname="test.java.com.example.SignatureTest" time="0.016">
    <system-out><![CDATA[Empreinte du message : 84633312863922471376330037953267285772071217785657846530145723160960499289727
Signature générée : 1335826711498804315395202751547197113394230671589124392648600363159189280322036982460016972501879492688205908968913869215250155085191372916686882428702226585505316377715739295846701396820398384375683760988478697973451512312948141996261673844906764817341217285135292240724884041478763588559635277000585319530
Signature valide : true
]]></system-out>
  </testcase>
  <testcase name="testSignerEtVerifier" classname="test.java.com.example.SignatureTest" time="0.016">
    <system-out><![CDATA[Empreinte du message : 84633312863922471376330037953267285772071217785657846530145723160960499289727
Signature générée : 69696686544865578089847423872650486790542907883456086550885780811457104703591950208718682370631944180345098896995292654156743975905152746962131528770942709529733843841387451014355286782044051322633672888306537360956211950948768234312201603503523336487806886947672287684781886720801398833895083150174881816326
Signature valide : true
]]></system-out>
  </testcase>
  <testcase name="testSignerEtVerifier" classname="test.java.com.example.SignatureTest" time="0.015">
    <system-out><![CDATA[Empreinte du message : 84633312863922471376330037953267285772071217785657846530145723160960499289727
Signature générée : 21691732300864877546391603618003564846960579679113826059984366616402071449280738985323107854100259644424702815177734913943245606599035953624633513437179228678257184124176927621567519527193907940051544085398255198673443285965391038969874019991636004700078531128228709836264769744279394822413355662772191812048
Signature valide : true
]]></system-out>
  </testcase>
  <testcase name="testSignerEtVerifier" classname="test.java.com.example.SignatureTest" time="0.015">
    <system-out><![CDATA[Empreinte du message : 84633312863922471376330037953267285772071217785657846530145723160960499289727
Signature générée : 419105306323380537375369447714567217883130433879820933925780334252981833939092684883444350243399642773724945933510588755644527324772583938720688911416095295051854368000620203107142918770742334454735592614940073461771760165107795532212460975788574944685384995447171997563847253927372221895286723168131943752
Signature valide : true
]]></system-out>
  </testcase>
  <testcase name="testSignerEtVerifier" classname="test.java.com.example.SignatureTest" time="0.013">
    <system-out><![CDATA[Empreinte du message : 84633312863922471376330037953267285772071217785657846530145723160960499289727
Signature générée : 70480047225257947704527856948271605657850114375207903260939911353440055461109346163637129390127105480494054801727470728537569194215034739803823485331701616078638563782046675413533895912551015453894337633667884365577289522684961202861012384091532246507379233593360679015504207517701937176112200660156486169360
Signature valide : true
]]></system-out>
  </testcase>
  <testcase name="testSignerEtVerifier" classname="test.java.com.example.SignatureTest" time="0.017">
    <system-out><![CDATA[Empreinte du message : 84633312863922471376330037953267285772071217785657846530145723160960499289727
Signature générée : 39896753299236095640631867770408409363127945138767129323919227318977573508964509684827162676095659989615317784262683066309633186865688603584716679039392509762273293489359744053709425809548304614508892523381805028726909026289950640230350718151227519332160516195325283141614771746454752473498555221755275897996
Signature valide : true
]]></system-out>
  </testcase>
  <testcase name="testSignerEtVerifier" classname="test.java.com.example.SignatureTest" time="0.016">
    <system-out><![CDATA[Empreinte du message : 84633312863922471376330037953267285772071217785657846530145723160960499289727
Signature générée : 125710658868827307151306976592338759477588453407079692109251267581525776310170917749899389844299301225112007758612919715890636197136162432200527147743219597186534520752927785212015214720744777563256553788596656645361234708218502714376004000845594656106708959722771911220474012409053663127219138782390776279616
Signature valide : true
]]></system-out>
  </testcase>
  <testcase name="testSignerEtVerifier" classname="test.java.com.example.SignatureTest" time="0.013">
    <system-out><![CDATA[Empreinte du message : 84633312863922471376330037953267285772071217785657846530145723160960499289727
Signature générée : 41991884325643363705532437959039942583892216036803283184741835189997790169215491971821602106844136567277815869848051599602786571683739071208175342696222480463364305812044073031672281857906384893332076206015177488352589273737830533240679115840758711041867266761522875652040348373196727530648226585079580722520
Signature valide : true
]]></system-out>
  </testcase>
  <testcase name="testSignerEtVerifier" classname="test.java.com.example.SignatureTest" time="0.015">
    <system-out><![CDATA[Empreinte du message : 84633312863922471376330037953267285772071217785657846530145723160960499289727
Signature générée : 56264759039908103448611922355338504778315991325806012667146991788096008081764407616830670166662229733873531198409730944748745016248453919417689585763006039378991187610549943682785623278794811585575569308957891932793082353106903071331986023891099550387222248632898998294496554828385236993648592771586123941144
Signature valide : true
]]></system-out>
  </testcase>
  <testcase name="testSignerEtVerifier" classname="test.java.com.example.SignatureTest" time="0.018">
    <system-out><![CDATA[Empreinte du message : 84633312863922471376330037953267285772071217785657846530145723160960499289727
Signature générée : 98446524653485510298438251979895538290394219022988679742098863720266055779273540168582708548174796955663457649431512510958167852167364183797277717174064926609256977647025963898069662519682414619675696159176566211605143733908151626376612343541372786956281344179754733421461510849300244000770821679308318572519
Signature valide : true
]]></system-out>
  </testcase>
  <testcase name="testSignerEtVerifier" classname="test.java.com.example.SignatureTest" time="0.017">
    <system-out><![CDATA[Empreinte du message : 84633312863922471376330037953267285772071217785657846530145723160960499289727
Signature générée : 88473270608883853081116877275035871052231976375742086076985834417381175227129406691706409675137898643650052582461649461184337926372682304431626995127069251183823337664247647591653874538212009094227509434798960457997473472351583127029334016215686019356281415971299987450350744729748642232984028247765792771903
Signature valide : true
]]></system-out>
  </testcase>
  <testcase name="testSignerEtVerifier" classname="test.java.com.example.SignatureTest" time="0.014">
    <system-out><![CDATA[Empreinte du message : 84633312863922471376330037953267285772071217785657846530145723160960499289727
Signature générée : 32968730873518691229147671351205119402299848333981916787324030931370733388005905500264468849500898400112791517302109730681164981629379716545205403868518160926415885776325543640717200594268254025061513887995238476879680273536643168248650965207289344261923120443236297791211282643235979406611791781467816989621
Signature valide : true
]]></system-out>
  </testcase>
  <testcase name="testSignerEtVerifier" classname="test.java.com.example.SignatureTest" time="0.015">
    <system-out><![CDATA[Empreinte du message : 84633312863922471376330037953267285772071217785657846530145723160960499289727
Signature générée : 81191554069363104936308649089033115386689363852734055394738233963700541740572207699932769384243917352129123457337807272078916032224001978112817416808653195539971129950751146155638947337915055703203002531759416304687769672019353689729618713829000752199002707456276153607168834638734675503954859217814138111743
Signature valide : true
]]></system-out>
  </testcase>
  <testcase name="testSignerEtVerifier" classname="test.java.com.example.SignatureTest" time="0.015">
    <system-out><![CDATA[Empreinte du message : 84633312863922471376330037953267285772071217785657846530145723160960499289727
Signature générée : 51178232350271845404235778347093698451160431224040407238882074506661636290819493542056420564710451678561448025436450401778681165817288312233044423223444956203820341369694519970601567274637282139264662937947040910994107906941499495532911330899055293801260444153812142815098996577576379405448016349185912136810
Signature valide : true
]]></system-out>
  </testcase>
  <testcase name="testSignerEtVerifier" classname="test.java.com.example.SignatureTest" time="0.014">
    <system-out><![CDATA[Empreinte du message : 84633312863922471376330037953267285772071217785657846530145723160960499289727
Signature générée : 66151792880089199951814060008034326565733646576099742846174257667335938358574271513069257918668809377928599826727600357686920005909579449278224304804266945669215767127304285249989654807142564378817689778735908257453882005882770962315978984912031729314661765578726761974688388351740624939741483529085556909391
Signature valide : true
]]></system-out>
  </testcase>
  <testcase name="testSignerEtVerifier" classname="test.java.com.example.SignatureTest" time="0.018">
    <system-out><![CDATA[Empreinte du message : 84633312863922471376330037953267285772071217785657846530145723160960499289727
Signature générée : 21651240923137631455600817760082159210071923758664310018589443335821289372024821224269899834451541672163757277888464208799078977412238605145539430889718278636875709311733133502799019761872241922923050259524960377797519572465677006900919959883527897476806865713092848879884866628178715432841550312340550083491
Signature valide : true
]]></system-out>
  </testcase>
  <testcase name="testSignerEtVerifier" classname="test.java.com.example.SignatureTest" time="0.013">
    <system-out><![CDATA[Empreinte du message : 84633312863922471376330037953267285772071217785657846530145723160960499289727
Signature générée : 42319849244332541685913984809797679925902575836107450227134342724409060663789817553829602046926712626420303986850269960970886262855884244619990054764099196259340148965915115376136105968871816887196307892032329252435217964334855914930934140267473199262542140953684435225210647295052114696841061745119839288141
Signature valide : true
]]></system-out>
  </testcase>
  <testcase name="testSignerEtVerifier" classname="test.java.com.example.SignatureTest" time="0.017">
    <system-out><![CDATA[Empreinte du message : 84633312863922471376330037953267285772071217785657846530145723160960499289727
Signature générée : 35925831252122810493381659767748481610279998655687201809080347024179305299282684044133881203406210829707947061569016040246003539787488336453951023357361418726532307724851603006304226358169992539140365345516561693234021401226051241983988621072526348432117124918242553758289909085843714405739175523715750101995
Signature valide : true
]]></system-out>
  </testcase>
  <testcase name="testSignerEtVerifier" classname="test.java.com.example.SignatureTest" time="0.029">
    <system-out><![CDATA[Empreinte du message : 84633312863922471376330037953267285772071217785657846530145723160960499289727
Signature générée : 93835269629273568883274093025596321808515348719614880400452796365180364529486848393463509398061914360331916305664313312210287888431852038107991143341642595499639734399009261058124793939133752556304249956769061310527530198905287551944120986780617062053393025828213699993053613269620148112843462715510639029172
Signature valide : true
]]></system-out>
  </testcase>
  <testcase name="testSignerEtVerifier" classname="test.java.com.example.SignatureTest" time="0.032">
    <system-out><![CDATA[Empreinte du message : 84633312863922471376330037953267285772071217785657846530145723160960499289727
Signature générée : 38768273300244165747815336158819766758177940614712353612378104808229717008902091378350563227935100894677595179794806841901744450295843639433745658621911033758001611880274855577771311015224164911261337147887432670212874164906801000762293509459487842724165691286275980507938692931806757088872537781478269351087
Signature valide : true
]]></system-out>
  </testcase>
  <testcase name="testSignerEtVerifier" classname="test.java.com.example.SignatureTest" time="0.034">
    <system-out><![CDATA[Empreinte du message : 84633312863922471376330037953267285772071217785657846530145723160960499289727
Signature générée : 38466806365962062166237597802588243434235848239798961232527595416106693913749962971712251852120320001594407106150949600647303041459717481031135092622345219318525524281556017861763831056317126845556267646382333024098246503368495581849357374582649223565257553417900378895894651758829897435895151004682639358672
Signature valide : true
]]></system-out>
  </testcase>
  <testcase name="testSignerEtVerifier" classname="test.java.com.example.SignatureTest" time="0.029">
    <system-out><![CDATA[Empreinte du message : 84633312863922471376330037953267285772071217785657846530145723160960499289727
Signature générée : 82105935734166182613701850975424085661865287649705118006900245091759762830267412395661240312970675998879366551217035250267796540672764130164246185644518561225677231386781519722879348197507566625453862322878309092897600261790399106844527938783253046877957696508870303916756699570767834156929478552656018141965
Signature valide : true
]]></system-out>
  </testcase>
  <testcase name="testSignerEtVerifier" classname="test.java.com.example.SignatureTest" time="0.018">
    <system-out><![CDATA[Empreinte du message : 84633312863922471376330037953267285772071217785657846530145723160960499289727
Signature générée : 19278137301333250461597728425245980118341552565775205668882624809021024431246552401542919566650789035051623213669580473110360991913140980872944682800618495468253150774984189907848128098610734683345373581224747843930962052508484887084623830004393869204082874718282770313156134366537859273147029022526894579487
Signature valide : true
]]></system-out>
  </testcase>
  <testcase name="testSignerEtVerifier" classname="test.java.com.example.SignatureTest" time="0.018">
    <system-out><![CDATA[Empreinte du message : 84633312863922471376330037953267285772071217785657846530145723160960499289727
Signature générée : 53853166322120895483358360118116160733687745879646286223614812349207551649045733390157622375779354388204093539637111770758016424234154150392528642752805233662922304382399943407768372618889211466843857563837697723792355135121364594703279176934405444671480915966549251205586287123469324163776868052637137683509
Signature valide : true
]]></system-out>
  </testcase>
  <testcase name="testSignerEtVerifier" classname="test.java.com.example.SignatureTest" time="0.018">
    <system-out><![CDATA[Empreinte du message : 84633312863922471376330037953267285772071217785657846530145723160960499289727
Signature générée : 34110821922654316494934253251680475783184096894423034206088691053773470375395531432389040841800571540551379056907566469999165396562601102069631246103988739457212191318699694361184199311985643528180212213679543552998761350782751996596020530454625758131851656004978748896012550694632844975977479256989948276630
Signature valide : true
]]></system-out>
  </testcase>
  <testcase name="testSignerEtVerifier" classname="test.java.com.example.SignatureTest" time="0.015">
    <system-out><![CDATA[Empreinte du message : 84633312863922471376330037953267285772071217785657846530145723160960499289727
Signature générée : 5917294316881413423648930763996359209710197978442060167659102116073030857396647058188982127734391714416396346048601062634461549944745523612661246918498800191417248734380802307219145254674930660478614856174014052328196224789779810971910965590593581829937044573009884682881291888211538061381150030080767956000
Signature valide : true
]]></system-out>
  </testcase>
  <testcase name="testSignerEtVerifier" classname="test.java.com.example.SignatureTest" time="0.016">
    <system-out><![CDATA[Empreinte du message : 84633312863922471376330037953267285772071217785657846530145723160960499289727
Signature générée : 87654431159314370536746840180884503341845937365212909083359860487657768486460718744157337006290125936327936085618729983793374835856175039004699917771359352269842462260365362539138466982506763464265534260010757277143803092032064110316942373520609285692029235501608353678428580620756957381824513810625292100648
Signature valide : true
]]></system-out>
  </testcase>
  <testcase name="testSignerEtVerifier" classname="test.java.com.example.SignatureTest" time="0.014">
    <system-out><![CDATA[Empreinte du message : 84633312863922471376330037953267285772071217785657846530145723160960499289727
Signature générée : 52630157482014502319173102132532835881021825288944322732893069021629614131397558274402868109362636831332273577516351738367871777738730490696218756224982986919424035686717519694109778154611922107958203038898793769651009588042495189075015467759591625834018800529145714982909329980521245269541426200845165767994
Signature valide : true
]]></system-out>
  </testcase>
  <testcase name="testSignerEtVerifier" classname="test.java.com.example.SignatureTest" time="0.015">
    <system-out><![CDATA[Empreinte du message : 84633312863922471376330037953267285772071217785657846530145723160960499289727
Signature générée : 81030751853651811411525363482431922360926277203052156487081260395248513365233964741606587658382567973843318898340767158954337192555020341693412883011017517418330932820110627993137155229825569917891329082019222345572713182352333614181645138694431872085703663288587031543785057304407316556067827773763831787327
Signature valide : true
]]></system-out>
  </testcase>
  <testcase name="testSignerEtVerifier" classname="test.java.com.example.SignatureTest" time="0.015">
    <system-out><![CDATA[Empreinte du message : 84633312863922471376330037953267285772071217785657846530145723160960499289727
Signature générée : 35401447972151851566428206506270320971419354482245455722679884524941924368820737832249494989098332956636909205628980600399868233439616452623459258688148494733177413709538250967987403518833492332208142364244687588288483658028156358715774859498993623286604146100459896187623057989163339415456414444297349418098
Signature valide : true
]]></system-out>
  </testcase>
  <testcase name="testSignerEtVerifier" classname="test.java.com.example.SignatureTest" time="0.013">
    <system-out><![CDATA[Empreinte du message : 84633312863922471376330037953267285772071217785657846530145723160960499289727
Signature générée : 86070151005873725425931085495211137377174270585727723387039398957333698537610108619588100491965233856942023480134957180706392768855301614215169903138133396085553457192330974678394452945722100617281515518785809850980532717979421721968775401237028325826803805377906148900774829877613833784147114111974691022015
Signature valide : true
]]></system-out>
  </testcase>
  <testcase name="testSignerEtVerifier" classname="test.java.com.example.SignatureTest" time="0.016">
    <system-out><![CDATA[Empreinte du message : 84633312863922471376330037953267285772071217785657846530145723160960499289727
Signature générée : 30346694971347047087030042127050579433939073529714837886970846474826427109779759037044556202351731690682764729239670670316852105219118252413779708846114545368259939388184729915159197265675749011526975492328774349241159492154063696895664374578318297316004436771793292187234996116071855900891073625458855637431
Signature valide : true
]]></system-out>
  </testcase>
  <testcase name="testSignerEtVerifier" classname="test.java.com.example.SignatureTest" time="0.016">
    <system-out><![CDATA[Empreinte du message : 84633312863922471376330037953267285772071217785657846530145723160960499289727
Signature générée : 88564006360588602700165600851770825088290036041397498086278080419093174680837641176468152709608741622910221575537284977706739159397519585170022219759442214994990813189378330072642439866408468322588298603466037343408963292605461396999900339268004432143353404820007619990101665867971445519701253131089599740810
Signature valide : true
]]></system-out>
  </testcase>
  <testcase name="testSignerEtVerifier" classname="test.java.com.example.SignatureTest" time="0.015">
    <system-out><![CDATA[Empreinte du message : 84633312863922471376330037953267285772071217785657846530145723160960499289727
Signature générée : 1134871719467406518693858809105781330660578793601082360040726008953336990883278152451826262388279788857367368958123670842338185155392452519149668563101994309122799298496241402603872632741738875559456483462975135225749476710201548887131642400947285722966917124071946226831160581022057901550032553508558241086
Signature valide : true
]]></system-out>
  </testcase>
  <testcase name="testSignerEtVerifier" classname="test.java.com.example.SignatureTest" time="0.017">
    <system-out><![CDATA[Empreinte du message : 84633312863922471376330037953267285772071217785657846530145723160960499289727
Signature générée : 71275749322839968308732118463532879096634930515604594164428846184327687331984097814136958051087882648129867363311084570259377309105809798475876296431166992587557333271006487107765427781519438437770651270460065144390271043650504279383955016786509905492281434043953126443872080065476816878690954583581100163743
Signature valide : true
]]></system-out>
  </testcase>
  <testcase name="testSignerEtVerifier" classname="test.java.com.example.SignatureTest" time="0.016">
    <system-out><![CDATA[Empreinte du message : 84633312863922471376330037953267285772071217785657846530145723160960499289727
Signature générée : 56777627002709057847986832801304583949178747015559262603805350076228088063231256218294874763414623011278019400932855663524989919919091472986355916500998400771662443804809662216587751456177538672135572647870398601386266765000701902203954070183042707932452696471649078940107358423978557134415473009417318521995
Signature valide : true
]]></system-out>
  </testcase>
  <testcase name="testSignerEtVerifier" classname="test.java.com.example.SignatureTest" time="0.023">
    <system-out><![CDATA[Empreinte du message : 84633312863922471376330037953267285772071217785657846530145723160960499289727
Signature générée : 43622938078805606860426254289665975526703863373849673534556114012338728513554140487977489302177733687988074656936321597688455509918070015011209634937263907293632839947563009723768125511620069196166596266254075635403316314327136721070162530959545148167774797354692288409303885830050228535179563528867481327820
Signature valide : true
]]></system-out>
  </testcase>
  <testcase name="testSignerEtVerifier" classname="test.java.com.example.SignatureTest" time="0.016">
    <system-out><![CDATA[Empreinte du message : 84633312863922471376330037953267285772071217785657846530145723160960499289727
Signature générée : 29398954691653348843484803351364130734066147408778005549150285519598640475034907289559090278189984421441656561167646342379226999811314925742849882771012807527270936479832424417429773423758136669665697963688420967549198682943151481191060220065444534323551005924184880385301498867174955251448577659996858203742
Signature valide : true
]]></system-out>
  </testcase>
  <testcase name="testSignerEtVerifier" classname="test.java.com.example.SignatureTest" time="0.031">
    <system-out><![CDATA[Empreinte du message : 84633312863922471376330037953267285772071217785657846530145723160960499289727
Signature générée : 99257262058048978460864302421823704944249133768500686720653867858421431811495228121901715659346215223214665498538578544342840818552755767159787673479365894675261808523316938235872394072979605375882858834752270222565001824821871179984870529618360757018916644482756811393575083518226429661585538384418243345408
Signature valide : true
]]></system-out>
  </testcase>
  <testcase name="testSignerEtVerifier" classname="test.java.com.example.SignatureTest" time="0.016">
    <system-out><![CDATA[Empreinte du message : 84633312863922471376330037953267285772071217785657846530145723160960499289727
Signature générée : 124703846065807652283719545781948702310023880503112579488310089795979768753381199843455962926323437141835190504549484908032715411236216580285151728507605125766357112038387372098738379106334519360099967734570336759371451094416854152588321312105442438011306730608361712131069210866127462421909602478811257800215
Signature valide : true
]]></system-out>
  </testcase>
  <testcase name="testSignerEtVerifier" classname="test.java.com.example.SignatureTest" time="0.017">
    <system-out><![CDATA[Empreinte du message : 84633312863922471376330037953267285772071217785657846530145723160960499289727
Signature générée : 42956599135834642624018524762488087911542803240562103943805973161950289334578259757769317738530886611053253948761256054103019579698022786666815894021959568890375100157529223266337291629238787510938657173390733581522198693523066341863099816664745986984286810377782987398706855266552305857723226753305176428072
Signature valide : true
]]></system-out>
  </testcase>
  <testcase name="testSignerEtVerifier" classname="test.java.com.example.SignatureTest" time="0.017">
    <system-out><![CDATA[Empreinte du message : 84633312863922471376330037953267285772071217785657846530145723160960499289727
Signature générée : 5804639575972232239037680982496362437715743967306468234683528120462648613757489814607977707931192871746370089010576560010027195427088544043466261840741870815612286451587017167728168187050080795015627193202144379760287956316863340475427761007372477315123776801187601471551883131564159743251710643911944938279
Signature valide : true
]]></system-out>
  </testcase>
  <testcase name="testSignerEtVerifier" classname="test.java.com.example.SignatureTest" time="0.014">
    <system-out><![CDATA[Empreinte du message : 84633312863922471376330037953267285772071217785657846530145723160960499289727
Signature générée : 44751668828680305246396640761734651616936498706090038199439534462479074832655650603499798597570490309795234874323399156016859906706854780170598273121637337823356666011037901836541483992361221349819798172034239840562086489483165145245192655612226364666881223479489689017346622883414263159429533438550635748618
Signature valide : true
]]></system-out>
  </testcase>
  <testcase name="testSignerEtVerifier" classname="test.java.com.example.SignatureTest" time="0.018">
    <system-out><![CDATA[Empreinte du message : 84633312863922471376330037953267285772071217785657846530145723160960499289727
Signature générée : 2740780538564799083779015410372746837545617272771645008329945345605176889861694643851028725087481521068324098738956106401398313570113094280026514104705997277235123986569523655019989385295929606604623870004098230673882645584896011540181946840932525521692700174740959144984516544872577110733537380829950845945
Signature valide : true
]]></system-out>
  </testcase>
  <testcase name="testSignerEtVerifier" classname="test.java.com.example.SignatureTest" time="0.015">
    <system-out><![CDATA[Empreinte du message : 84633312863922471376330037953267285772071217785657846530145723160960499289727
Signature générée : 15881509699630464455289747050119470120855284927569567974563089870550255923810041852418250847399165154844595047434253781447323441478801623344370305150219514044344959573982114988363233720699549162582354947121693170014093136466297006255824984913188935858338265542881507420960222291505883979624488824676519166506
Signature valide : true
]]></system-out>
  </testcase>
  <testcase name="testSignerEtVerifier" classname="test.java.com.example.SignatureTest" time="0.022">
    <system-out><![CDATA[Empreinte du message : 84633312863922471376330037953267285772071217785657846530145723160960499289727
Signature générée : 49587806526920335473970361251766578520490844571728465023934314543598280460269931496053910657122107341210070811635666332976362952819595123356675832189207112382727424867923669561812502475184070920758613829617159543433187370414764750272899757569833259602659101302051674112390329564059306605839770792879578829965
Signature valide : true
]]></system-out>
  </testcase>
  <testcase name="testSignerEtVerifier" classname="test.java.com.example.SignatureTest" time="0.015">
    <system-out><![CDATA[Empreinte du message : 84633312863922471376330037953267285772071217785657846530145723160960499289727
Signature générée : 85429405758348453310670992995398425362284207622221469277244048521256517635702334724215851197068227925326051093961977189551793814859711670786362258366077645874969204455464146569503094248665786332842655567837722583031776396535451227309201646434426670310879752422473948818543538919917903287241303185247379615792
Signature valide : true
]]></system-out>
  </testcase>
  <testcase name="testSignerEtVerifier" classname="test.java.com.example.SignatureTest" time="0.013">
    <system-out><![CDATA[Empreinte du message : 84633312863922471376330037953267285772071217785657846530145723160960499289727
Signature générée : 17524355782511132886589560410597961500363040194135602825295645805946702109608962583823762519154871438074026859336891768209025165886579263635787737543294311234669127088910644430033166722537651529925746350031810185331631613194152349774773520428811917752990173887210376871465757948256574085775048223542633629046
Signature valide : true
]]></system-out>
  </testcase>
  <testcase name="testSignerEtVerifier" classname="test.java.com.example.SignatureTest" time="0.014">
    <system-out><![CDATA[Empreinte du message : 84633312863922471376330037953267285772071217785657846530145723160960499289727
Signature générée : 11776143740184379567444618020704185452735113695028983717865916878697901191604153909037847760574785831321524395064461468463076173233585581285472094570927200318161412373231518689621462499398537560591785831075360197808699873977145726353907841048303761158747723444217811319631849478316307211195709688575559424956
Signature valide : true
]]></system-out>
  </testcase>
  <testcase name="testSignerEtVerifier" classname="test.java.com.example.SignatureTest" time="0.018">
    <system-out><![CDATA[Empreinte du message : 84633312863922471376330037953267285772071217785657846530145723160960499289727
Signature générée : 6087025567843803447525060331538581839026042935088937223975370216309190997451113034661378265694777222945845221440964208770575156231759376986223848990375740612140493386938937730352553882986121318082702863371664137536157072508465125817854847381821631708339320605731786879800136902829209515580455726518170063274
Signature valide : true
]]></system-out>
  </testcase>
</testsuite>